{"numFailedTestSuites":0,"numFailedTests":0,"numPassedTestSuites":202,"numPassedTests":997,"numPendingTestSuites":0,"numPendingTests":2,"numRuntimeErrorTestSuites":0,"numTodoTests":0,"numTotalTestSuites":202,"numTotalTests":999,"openHandles":[],"snapshot":{"added":0,"didUpdate":false,"failure":false,"filesAdded":0,"filesRemoved":0,"filesRemovedList":[],"filesUnmatched":0,"filesUpdated":0,"matched":0,"total":0,"unchecked":0,"uncheckedKeysByFile":[],"unmatched":0,"updated":0},"startTime":1783865873631,"success":true,"testResults":[{"assertionResults":[{"ancestorTitles":["LicensedModuleGuard — plan bypass prevention"],"duration":26,"failureDetails":[],"failureMessages":[],"fullName":"LicensedModuleGuard — plan bypass prevention blocks EMR when enforcement rejects module","invocations":1,"location":null,"numPassingAsserts":2,"retryReasons":[],"status":"passed","title":"blocks EMR when enforcement rejects module"},{"ancestorTitles":["LicensedModuleGuard — plan bypass prevention"],"duration":2,"failureDetails":[],"failureMessages":[],"fullName":"LicensedModuleGuard — plan bypass prevention blocks AI routes for unlicensed tenants","invocations":1,"location":null,"numPassingAsserts":2,"retryReasons":[],"status":"passed","title":"blocks AI routes for unlicensed tenants"},{"ancestorTitles":["LicensedModuleGuard — plan bypass prevention"],"duration":9,"failureDetails":[],"failureMessages":[],"fullName":"LicensedModuleGuard — plan bypass prevention rejects cross-tenant header spoofing before licensing check","invocations":1,"location":null,"numPassingAsserts":2,"retryReasons":[],"status":"passed","title":"rejects cross-tenant header spoofing before licensing check"}],"endTime":1783865887837,"message":"","name":"C:\\Users\\mrame\\Projects\\Booking System\\apps\\api\\src\\common\\tests\\licensing-bypass.integration.spec.ts","startTime":1783865874047,"status":"passed","summary":""},{"assertionResults":[{"ancestorTitles":["IdentityController (integration wiring)"],"duration":4,"failureDetails":[],"failureMessages":[],"fullName":"IdentityController (integration wiring) GET /identity/features delegates to GetIdentityFeaturesHandler","invocations":1,"location":null,"numPassingAsserts":2,"retryReasons":[],"status":"passed","title":"GET /identity/features delegates to GetIdentityFeaturesHandler"},{"ancestorTitles":["IdentityController (integration wiring)"],"duration":2,"failureDetails":[],"failureMessages":[],"fullName":"IdentityController (integration wiring) GET /identity/overview merges stats and recent activity","invocations":1,"location":null,"numPassingAsserts":1,"retryReasons":[],"status":"passed","title":"GET /identity/overview merges stats and recent activity"},{"ancestorTitles":["IdentityController (integration wiring)"],"duration":2,"failureDetails":[],"failureMessages":[],"fullName":"IdentityController (integration wiring) GET /identity/users passes cursor query to ListUsersHandler","invocations":1,"location":null,"numPassingAsserts":1,"retryReasons":[],"status":"passed","title":"GET /identity/users passes cursor query to ListUsersHandler"},{"ancestorTitles":["IdentityController (integration wiring)"],"duration":1,"failureDetails":[],"failureMessages":[],"fullName":"IdentityController (integration wiring) GET /identity/regions delegates to ListRegionsHandler","invocations":1,"location":null,"numPassingAsserts":1,"retryReasons":[],"status":"passed","title":"GET /identity/regions delegates to ListRegionsHandler"}],"endTime":1783865892364,"message":"","name":"C:\\Users\\mrame\\Projects\\Booking System\\apps\\api\\src\\modules\\identity\\tests\\identity.controller.integration.spec.ts","startTime":1783865887850,"status":"passed","summary":""},{"assertionResults":[{"ancestorTitles":["ListRegionsHandler"],"duration":2,"failureDetails":[],"failureMessages":[],"fullName":"ListRegionsHandler returns active regions for tenant","invocations":1,"location":null,"numPassingAsserts":2,"retryReasons":[],"status":"passed","title":"returns active regions for tenant"}],"endTime":1783865893614,"message":"","name":"C:\\Users\\mrame\\Projects\\Booking System\\apps\\api\\src\\modules\\identity\\tests\\list-regions.handler.spec.ts","startTime":1783865892370,"status":"passed","summary":""},{"assertionResults":[{"ancestorTitles":["AI prompt handlers"],"duration":3,"failureDetails":[],"failureMessages":[],"fullName":"AI prompt handlers lists prompts filtered by role","invocations":1,"location":null,"numPassingAsserts":2,"retryReasons":[],"status":"passed","title":"lists prompts filtered by role"},{"ancestorTitles":["AI prompt handlers"],"duration":1,"failureDetails":[],"failureMessages":[],"fullName":"AI prompt handlers hides prompts when role does not match","invocations":1,"location":null,"numPassingAsserts":1,"retryReasons":[],"status":"passed","title":"hides prompts when role does not match"},{"ancestorTitles":["AI prompt handlers"],"duration":1,"failureDetails":[],"failureMessages":[],"fullName":"AI prompt handlers creates prompt after subscription check","invocations":1,"location":null,"numPassingAsserts":2,"retryReasons":[],"status":"passed","title":"creates prompt after subscription check"},{"ancestorTitles":["AI prompt handlers"],"duration":0,"failureDetails":[],"failureMessages":[],"fullName":"AI prompt handlers snapshots version on update","invocations":1,"location":null,"numPassingAsserts":2,"retryReasons":[],"status":"passed","title":"snapshots version on update"},{"ancestorTitles":["AI prompt handlers"],"duration":33,"failureDetails":[],"failureMessages":[],"fullName":"AI prompt handlers rejects update without permission","invocations":1,"location":null,"numPassingAsserts":1,"retryReasons":[],"status":"passed","title":"rejects update without permission"},{"ancestorTitles":["AI prompt handlers"],"duration":1,"failureDetails":[],"failureMessages":[],"fullName":"AI prompt handlers toggles favorite","invocations":1,"location":null,"numPassingAsserts":1,"retryReasons":[],"status":"passed","title":"toggles favorite"},{"ancestorTitles":["AI prompt handlers"],"duration":0,"failureDetails":[],"failureMessages":[],"fullName":"AI prompt handlers deletes owned prompt","invocations":1,"location":null,"numPassingAsserts":1,"retryReasons":[],"status":"passed","title":"deletes owned prompt"},{"ancestorTitles":["AI prompt handlers"],"duration":1,"failureDetails":[],"failureMessages":[],"fullName":"AI prompt handlers rejects delete for tenant default by non-admin","invocations":1,"location":null,"numPassingAsserts":1,"retryReasons":[],"status":"passed","title":"rejects delete for tenant default by non-admin"},{"ancestorTitles":["AI prompt handlers"],"duration":1,"failureDetails":[],"failureMessages":[],"fullName":"AI prompt handlers duplicates prompt","invocations":1,"location":null,"numPassingAsserts":1,"retryReasons":[],"status":"passed","title":"duplicates prompt"},{"ancestorTitles":["AI prompt handlers"],"duration":1,"failureDetails":[],"failureMessages":[],"fullName":"AI prompt handlers restores a version snapshot","invocations":1,"location":null,"numPassingAsserts":2,"retryReasons":[],"status":"passed","title":"restores a version snapshot"},{"ancestorTitles":["AI prompt handlers"],"duration":0,"failureDetails":[],"failureMessages":[],"fullName":"AI prompt handlers throws when prompt missing","invocations":1,"location":null,"numPassingAsserts":1,"retryReasons":[],"status":"passed","title":"throws when prompt missing"}],"endTime":1783865894762,"message":"","name":"C:\\Users\\mrame\\Projects\\Booking System\\apps\\api\\src\\modules\\ai\\tests\\ai-prompt.handlers.spec.ts","startTime":1783865893620,"status":"passed","summary":""},{"assertionResults":[{"ancestorTitles":["SyncUserRegionAccessHandler"],"duration":2,"failureDetails":[],"failureMessages":[],"fullName":"SyncUserRegionAccessHandler rejects unknown region ids","invocations":1,"location":null,"numPassingAsserts":1,"retryReasons":[],"status":"passed","title":"rejects unknown region ids"},{"ancestorTitles":["SyncUserRegionAccessHandler"],"duration":2,"failureDetails":[],"failureMessages":[],"fullName":"SyncUserRegionAccessHandler syncs valid region grants","invocations":1,"location":null,"numPassingAsserts":3,"retryReasons":[],"status":"passed","title":"syncs valid region grants"}],"endTime":1783865895965,"message":"","name":"C:\\Users\\mrame\\Projects\\Booking System\\apps\\api\\src\\modules\\identity\\tests\\sync-user-region-access.handler.spec.ts","startTime":1783865894766,"status":"passed","summary":""},{"assertionResults":[{"ancestorTitles":["AiSubscriptionService"],"duration":2,"failureDetails":[],"failureMessages":[],"fullName":"AiSubscriptionService returns limits snapshot","invocations":1,"location":null,"numPassingAsserts":2,"retryReasons":[],"status":"passed","title":"returns limits snapshot"},{"ancestorTitles":["AiSubscriptionService"],"duration":14,"failureDetails":[],"failureMessages":[],"fullName":"AiSubscriptionService blocks medical workspace on lite","invocations":1,"location":null,"numPassingAsserts":1,"retryReasons":[],"status":"passed","title":"blocks medical workspace on lite"},{"ancestorTitles":["AiSubscriptionService"],"duration":1,"failureDetails":[],"failureMessages":[],"fullName":"AiSubscriptionService blocks attachments on lite","invocations":1,"location":null,"numPassingAsserts":1,"retryReasons":[],"status":"passed","title":"blocks attachments on lite"},{"ancestorTitles":["AiSubscriptionService"],"duration":1,"failureDetails":[],"failureMessages":[],"fullName":"AiSubscriptionService blocks when daily message quota reached","invocations":1,"location":null,"numPassingAsserts":1,"retryReasons":[],"status":"passed","title":"blocks when daily message quota reached"},{"ancestorTitles":["AiSubscriptionService"],"duration":3,"failureDetails":[],"failureMessages":[],"fullName":"AiSubscriptionService throws rate limit when burst exceeded","invocations":1,"location":null,"numPassingAsserts":1,"retryReasons":[],"status":"passed","title":"throws rate limit when burst exceeded"},{"ancestorTitles":["AiSubscriptionService"],"duration":1,"failureDetails":[],"failureMessages":[],"fullName":"AiSubscriptionService allows pro medical copilot workspace","invocations":1,"location":null,"numPassingAsserts":1,"retryReasons":[],"status":"passed","title":"allows pro medical copilot workspace"},{"ancestorTitles":["AiSubscriptionService"],"duration":1,"failureDetails":[],"failureMessages":[],"fullName":"AiSubscriptionService blocks custom prompts on lite","invocations":1,"location":null,"numPassingAsserts":1,"retryReasons":[],"status":"passed","title":"blocks custom prompts on lite"},{"ancestorTitles":["AiSubscriptionService"],"duration":1,"failureDetails":[],"failureMessages":[],"fullName":"AiSubscriptionService returns business plan label from licensing engine ui tier","invocations":1,"location":null,"numPassingAsserts":2,"retryReasons":[],"status":"passed","title":"returns business plan label from licensing engine ui tier"}],"endTime":1783865897481,"message":"","name":"C:\\Users\\mrame\\Projects\\Booking System\\apps\\api\\src\\modules\\ai\\tests\\ai-subscription.service.spec.ts","startTime":1783865895972,"status":"passed","summary":""},{"assertionResults":[{"ancestorTitles":["LoginHandler"],"duration":4,"failureDetails":[],"failureMessages":[],"fullName":"LoginHandler issues tokens on valid credentials","invocations":1,"location":null,"numPassingAsserts":4,"retryReasons":[],"status":"passed","title":"issues tokens on valid credentials"},{"ancestorTitles":["LoginHandler"],"duration":1,"failureDetails":[],"failureMessages":[],"fullName":"LoginHandler returns MFA challenge when MFA is enabled","invocations":1,"location":null,"numPassingAsserts":3,"retryReasons":[],"status":"passed","title":"returns MFA challenge when MFA is enabled"},{"ancestorTitles":["LoginHandler"],"duration":1,"failureDetails":[],"failureMessages":[],"fullName":"LoginHandler skips MFA when a trusted device token is valid","invocations":1,"location":null,"numPassingAsserts":3,"retryReasons":[],"status":"passed","title":"skips MFA when a trusted device token is valid"},{"ancestorTitles":["LoginHandler"],"duration":480,"failureDetails":[],"failureMessages":[],"fullName":"LoginHandler throws InvalidCredentials when user not found","invocations":1,"location":null,"numPassingAsserts":2,"retryReasons":[],"status":"passed","title":"throws InvalidCredentials when user not found"},{"ancestorTitles":["LoginHandler"],"duration":1,"failureDetails":[],"failureMessages":[],"fullName":"LoginHandler throws InvalidCredentials on wrong password","invocations":1,"location":null,"numPassingAsserts":1,"retryReasons":[],"status":"passed","title":"throws InvalidCredentials on wrong password"},{"ancestorTitles":["LoginHandler"],"duration":1,"failureDetails":[],"failureMessages":[],"fullName":"LoginHandler throws AccountLocked when lockedUntil is in the future","invocations":1,"location":null,"numPassingAsserts":1,"retryReasons":[],"status":"passed","title":"throws AccountLocked when lockedUntil is in the future"},{"ancestorTitles":["LoginHandler"],"duration":1,"failureDetails":[],"failureMessages":[],"fullName":"LoginHandler throws AccountInactive when isActive is false","invocations":1,"location":null,"numPassingAsserts":1,"retryReasons":[],"status":"passed","title":"throws AccountInactive when isActive is false"},{"ancestorTitles":["LoginHandler"],"duration":1,"failureDetails":[],"failureMessages":[],"fullName":"LoginHandler throws RateLimitExceeded when IP has too many failures","invocations":1,"location":null,"numPassingAsserts":1,"retryReasons":[],"status":"passed","title":"throws RateLimitExceeded when IP has too many failures"},{"ancestorTitles":["LoginHandler"],"duration":1,"failureDetails":[],"failureMessages":[],"fullName":"LoginHandler throws RateLimitExceeded when email has too many failures","invocations":1,"location":null,"numPassingAsserts":1,"retryReasons":[],"status":"passed","title":"throws RateLimitExceeded when email has too many failures"},{"ancestorTitles":["LoginHandler"],"duration":1,"failureDetails":[],"failureMessages":[],"fullName":"LoginHandler publishes SuspiciousLoginEvent on new IP address","invocations":1,"location":null,"numPassingAsserts":1,"retryReasons":[],"status":"passed","title":"publishes SuspiciousLoginEvent on new IP address"}],"endTime":1783865898881,"message":"","name":"C:\\Users\\mrame\\Projects\\Booking System\\apps\\api\\src\\modules\\auth\\tests\\login.handler.spec.ts","startTime":1783865897513,"status":"passed","summary":""},{"assertionResults":[{"ancestorTitles":["ValidateAiModelHandler"],"duration":21,"failureDetails":[],"failureMessages":[],"fullName":"ValidateAiModelHandler validates a model and publishes an event","invocations":1,"location":null,"numPassingAsserts":4,"retryReasons":[],"status":"passed","title":"validates a model and publishes an event"},{"ancestorTitles":["ValidateAiModelHandler"],"duration":14,"failureDetails":[],"failureMessages":[],"fullName":"ValidateAiModelHandler throws when the actor lacks governance review permission","invocations":1,"location":null,"numPassingAsserts":1,"retryReasons":[],"status":"passed","title":"throws when the actor lacks governance review permission"},{"ancestorTitles":["ValidateAiModelHandler"],"duration":10,"failureDetails":[],"failureMessages":[],"fullName":"ValidateAiModelHandler enforces separation of duties (creator cannot validate)","invocations":1,"location":null,"numPassingAsserts":1,"retryReasons":[],"status":"passed","title":"enforces separation of duties (creator cannot validate)"},{"ancestorTitles":["ValidateAiModelHandler"],"duration":3,"failureDetails":[],"failureMessages":[],"fullName":"ValidateAiModelHandler throws when model ID is missing","invocations":1,"location":null,"numPassingAsserts":1,"retryReasons":[],"status":"passed","title":"throws when model ID is missing"},{"ancestorTitles":["ValidateAiModelHandler"],"duration":2,"failureDetails":[],"failureMessages":[],"fullName":"ValidateAiModelHandler throws when model is not found","invocations":1,"location":null,"numPassingAsserts":1,"retryReasons":[],"status":"passed","title":"throws when model is not found"},{"ancestorTitles":["ValidateAiModelHandler"],"duration":3,"failureDetails":[],"failureMessages":[],"fullName":"ValidateAiModelHandler does not validate a model belonging to another tenant","invocations":1,"location":null,"numPassingAsserts":1,"retryReasons":[],"status":"passed","title":"does not validate a model belonging to another tenant"}],"endTime":1783865899700,"message":"","name":"C:\\Users\\mrame\\Projects\\Booking System\\apps\\api\\src\\modules\\ai\\tests\\validate-ai-model.handler.spec.ts","startTime":1783865898885,"status":"passed","summary":""},{"assertionResults":[{"ancestorTitles":["IdentityFieldPolicyService"],"duration":2,"failureDetails":[],"failureMessages":[],"fullName":"IdentityFieldPolicyService allows owners to update all fields","invocations":1,"location":null,"numPassingAsserts":1,"retryReasons":[],"status":"passed","title":"allows owners to update all fields"},{"ancestorTitles":["IdentityFieldPolicyService"],"duration":3,"failureDetails":[],"failureMessages":[],"fullName":"IdentityFieldPolicyService strips restricted fields for receptionist","invocations":1,"location":null,"numPassingAsserts":3,"retryReasons":[],"status":"passed","title":"strips restricted fields for receptionist"}],"endTime":1783865901117,"message":"","name":"C:\\Users\\mrame\\Projects\\Booking System\\apps\\api\\src\\modules\\identity\\tests\\identity-field-policy.service.spec.ts","startTime":1783865899706,"status":"passed","summary":""},{"assertionResults":[{"ancestorTitles":["SmsInviteStaffHandler"],"duration":1,"failureDetails":[],"failureMessages":[],"fullName":"SmsInviteStaffHandler requires smsInvites tenant feature flag","invocations":1,"location":null,"numPassingAsserts":1,"retryReasons":[],"status":"passed","title":"requires smsInvites tenant feature flag"},{"ancestorTitles":["SmsInviteStaffHandler"],"duration":0,"failureDetails":[],"failureMessages":[],"fullName":"SmsInviteStaffHandler requires phone number","invocations":1,"location":null,"numPassingAsserts":1,"retryReasons":[],"status":"passed","title":"requires phone number"},{"ancestorTitles":["SmsInviteStaffHandler"],"duration":5,"failureDetails":[],"failureMessages":[],"fullName":"SmsInviteStaffHandler enforces plan-level smsInvites capability","invocations":1,"location":null,"numPassingAsserts":2,"retryReasons":[],"status":"passed","title":"enforces plan-level smsInvites capability"},{"ancestorTitles":["SmsInviteStaffHandler"],"duration":1,"failureDetails":[],"failureMessages":[],"fullName":"SmsInviteStaffHandler queues SMS notification after invite","invocations":1,"location":null,"numPassingAsserts":2,"retryReasons":[],"status":"passed","title":"queues SMS notification after invite"}],"endTime":1783865902573,"message":"","name":"C:\\Users\\mrame\\Projects\\Booking System\\apps\\api\\src\\modules\\identity\\tests\\sms-invite-staff.handler.spec.ts","startTime":1783865901126,"status":"passed","summary":""},{"assertionResults":[{"ancestorTitles":["PLAN_LIMITS config"],"duration":3,"failureDetails":[],"failureMessages":[],"fullName":"PLAN_LIMITS config lite has correct defaults","invocations":1,"location":null,"numPassingAsserts":10,"retryReasons":[],"status":"passed","title":"lite has correct defaults"},{"ancestorTitles":["PLAN_LIMITS config"],"duration":1,"failureDetails":[],"failureMessages":[],"fullName":"PLAN_LIMITS config pro has correct defaults","invocations":1,"location":null,"numPassingAsserts":9,"retryReasons":[],"status":"passed","title":"pro has correct defaults"},{"ancestorTitles":["PLAN_LIMITS config"],"duration":1,"failureDetails":[],"failureMessages":[],"fullName":"PLAN_LIMITS config enterprise has all limits unlimited and all features enabled","invocations":1,"location":null,"numPassingAsserts":10,"retryReasons":[],"status":"passed","title":"enterprise has all limits unlimited and all features enabled"},{"ancestorTitles":["SubscriptionEnforcementService.getActivePlanLimits"],"duration":3,"failureDetails":[],"failureMessages":[],"fullName":"SubscriptionEnforcementService.getActivePlanLimits defaults to lite when no active subscription exists","invocations":1,"location":null,"numPassingAsserts":1,"retryReasons":[],"status":"passed","title":"defaults to lite when no active subscription exists"},{"ancestorTitles":["SubscriptionEnforcementService.getActivePlanLimits"],"duration":2,"failureDetails":[],"failureMessages":[],"fullName":"SubscriptionEnforcementService.getActivePlanLimits returns lite plan when subscription plan is \"lite\"","invocations":1,"location":null,"numPassingAsserts":2,"retryReasons":[],"status":"passed","title":"returns lite plan when subscription plan is \"lite\""},{"ancestorTitles":["SubscriptionEnforcementService.getActivePlanLimits"],"duration":1,"failureDetails":[],"failureMessages":[],"fullName":"SubscriptionEnforcementService.getActivePlanLimits returns pro plan when subscription plan is \"pro\"","invocations":1,"location":null,"numPassingAsserts":2,"retryReasons":[],"status":"passed","title":"returns pro plan when subscription plan is \"pro\""},{"ancestorTitles":["SubscriptionEnforcementService.getActivePlanLimits"],"duration":1,"failureDetails":[],"failureMessages":[],"fullName":"SubscriptionEnforcementService.getActivePlanLimits returns enterprise plan when subscription plan is \"enterprise\"","invocations":1,"location":null,"numPassingAsserts":2,"retryReasons":[],"status":"passed","title":"returns enterprise plan when subscription plan is \"enterprise\""},{"ancestorTitles":["SubscriptionEnforcementService.getActivePlanLimits"],"duration":1,"failureDetails":[],"failureMessages":[],"fullName":"SubscriptionEnforcementService.getActivePlanLimits normalises legacy \"basic\" to lite","invocations":1,"location":null,"numPassingAsserts":1,"retryReasons":[],"status":"passed","title":"normalises legacy \"basic\" to lite"},{"ancestorTitles":["SubscriptionEnforcementService.getActivePlanLimits"],"duration":1,"failureDetails":[],"failureMessages":[],"fullName":"SubscriptionEnforcementService.getActivePlanLimits normalises legacy \"standard\" to pro","invocations":1,"location":null,"numPassingAsserts":1,"retryReasons":[],"status":"passed","title":"normalises legacy \"standard\" to pro"},{"ancestorTitles":["SubscriptionEnforcementService.getActivePlanLimits"],"duration":1,"failureDetails":[],"failureMessages":[],"fullName":"SubscriptionEnforcementService.getActivePlanLimits normalises legacy \"premium\" to enterprise","invocations":1,"location":null,"numPassingAsserts":1,"retryReasons":[],"status":"passed","title":"normalises legacy \"premium\" to enterprise"},{"ancestorTitles":["SubscriptionEnforcementService.getActivePlanLimits"],"duration":2,"failureDetails":[],"failureMessages":[],"fullName":"SubscriptionEnforcementService.getActivePlanLimits defaults to lite for empty tenantId","invocations":1,"location":null,"numPassingAsserts":1,"retryReasons":[],"status":"passed","title":"defaults to lite for empty tenantId"},{"ancestorTitles":["SubscriptionEnforcementService.getActivePlanLimits"],"duration":1,"failureDetails":[],"failureMessages":[],"fullName":"SubscriptionEnforcementService.getActivePlanLimits returns enterprise for enterprise platform tenant","invocations":1,"location":null,"numPassingAsserts":1,"retryReasons":[],"status":"passed","title":"returns enterprise for enterprise platform tenant"},{"ancestorTitles":["SubscriptionEnforcementService.getActivePlanLimits"],"duration":1,"failureDetails":[],"failureMessages":[],"fullName":"SubscriptionEnforcementService.getActivePlanLimits defaults to lite for unknown plan string","invocations":1,"location":null,"numPassingAsserts":1,"retryReasons":[],"status":"passed","title":"defaults to lite for unknown plan string"},{"ancestorTitles":["enforceUserLimit","Lite plan (max 10 users)"],"duration":2,"failureDetails":[],"failureMessages":[],"fullName":"enforceUserLimit Lite plan (max 10 users) allows when below limit","invocations":1,"location":null,"numPassingAsserts":1,"retryReasons":[],"status":"passed","title":"allows when below limit"},{"ancestorTitles":["enforceUserLimit","Lite plan (max 10 users)"],"duration":208,"failureDetails":[],"failureMessages":[],"fullName":"enforceUserLimit Lite plan (max 10 users) throws at exactly the limit","invocations":1,"location":null,"numPassingAsserts":1,"retryReasons":[],"status":"passed","title":"throws at exactly the limit"},{"ancestorTitles":["enforceUserLimit","Lite plan (max 10 users)"],"duration":3,"failureDetails":[],"failureMessages":[],"fullName":"enforceUserLimit Lite plan (max 10 users) throws above the limit","invocations":1,"location":null,"numPassingAsserts":2,"retryReasons":[],"status":"passed","title":"throws above the limit"},{"ancestorTitles":["enforceUserLimit","Pro plan (max 50 users)"],"duration":2,"failureDetails":[],"failureMessages":[],"fullName":"enforceUserLimit Pro plan (max 50 users) allows 49 users","invocations":1,"location":null,"numPassingAsserts":1,"retryReasons":[],"status":"passed","title":"allows 49 users"},{"ancestorTitles":["enforceUserLimit","Pro plan (max 50 users)"],"duration":2,"failureDetails":[],"failureMessages":[],"fullName":"enforceUserLimit Pro plan (max 50 users) throws at 50 users","invocations":1,"location":null,"numPassingAsserts":1,"retryReasons":[],"status":"passed","title":"throws at 50 users"},{"ancestorTitles":["enforceUserLimit","Enterprise plan (unlimited)"],"duration":1,"failureDetails":[],"failureMessages":[],"fullName":"enforceUserLimit Enterprise plan (unlimited) never throws regardless of user count","invocations":1,"location":null,"numPassingAsserts":1,"retryReasons":[],"status":"passed","title":"never throws regardless of user count"},{"ancestorTitles":["enforceUserLimit","No subscription (defaults to lite)"],"duration":1,"failureDetails":[],"failureMessages":[],"fullName":"enforceUserLimit No subscription (defaults to lite) throws when at limit and no active subscription","invocations":1,"location":null,"numPassingAsserts":1,"retryReasons":[],"status":"passed","title":"throws when at limit and no active subscription"},{"ancestorTitles":["enforceDoctorLimit"],"duration":1,"failureDetails":[],"failureMessages":[],"fullName":"enforceDoctorLimit throws at lite limit (3)","invocations":1,"location":null,"numPassingAsserts":1,"retryReasons":[],"status":"passed","title":"throws at lite limit (3)"},{"ancestorTitles":["enforceDoctorLimit"],"duration":1,"failureDetails":[],"failureMessages":[],"fullName":"enforceDoctorLimit allows 2 doctors on lite","invocations":1,"location":null,"numPassingAsserts":1,"retryReasons":[],"status":"passed","title":"allows 2 doctors on lite"},{"ancestorTitles":["enforceDoctorLimit"],"duration":1,"failureDetails":[],"failureMessages":[],"fullName":"enforceDoctorLimit throws at pro limit (20)","invocations":1,"location":null,"numPassingAsserts":1,"retryReasons":[],"status":"passed","title":"throws at pro limit (20)"},{"ancestorTitles":["enforceDoctorLimit"],"duration":0,"failureDetails":[],"failureMessages":[],"fullName":"enforceDoctorLimit enterprise: does not call count query","invocations":1,"location":null,"numPassingAsserts":2,"retryReasons":[],"status":"passed","title":"enterprise: does not call count query"},{"ancestorTitles":["enforcePatientLimit"],"duration":1,"failureDetails":[],"failureMessages":[],"fullName":"enforcePatientLimit lite: throws at 1000 patients","invocations":1,"location":null,"numPassingAsserts":1,"retryReasons":[],"status":"passed","title":"lite: throws at 1000 patients"},{"ancestorTitles":["enforcePatientLimit"],"duration":0,"failureDetails":[],"failureMessages":[],"fullName":"enforcePatientLimit lite: allows 999 patients","invocations":1,"location":null,"numPassingAsserts":1,"retryReasons":[],"status":"passed","title":"lite: allows 999 patients"},{"ancestorTitles":["enforcePatientLimit"],"duration":0,"failureDetails":[],"failureMessages":[],"fullName":"enforcePatientLimit pro: throws at 10000 patients","invocations":1,"location":null,"numPassingAsserts":1,"retryReasons":[],"status":"passed","title":"pro: throws at 10000 patients"},{"ancestorTitles":["enforcePatientLimit"],"duration":1,"failureDetails":[],"failureMessages":[],"fullName":"enforcePatientLimit enterprise: allows any number","invocations":1,"location":null,"numPassingAsserts":1,"retryReasons":[],"status":"passed","title":"enterprise: allows any number"},{"ancestorTitles":["enforceAppointmentLimit"],"duration":2,"failureDetails":[],"failureMessages":[],"fullName":"enforceAppointmentLimit lite: throws at 500 appointments this month","invocations":1,"location":null,"numPassingAsserts":1,"retryReasons":[],"status":"passed","title":"lite: throws at 500 appointments this month"},{"ancestorTitles":["enforceAppointmentLimit"],"duration":1,"failureDetails":[],"failureMessages":[],"fullName":"enforceAppointmentLimit lite: allows 499 appointments","invocations":1,"location":null,"numPassingAsserts":1,"retryReasons":[],"status":"passed","title":"lite: allows 499 appointments"},{"ancestorTitles":["enforceAppointmentLimit"],"duration":1,"failureDetails":[],"failureMessages":[],"fullName":"enforceAppointmentLimit pro: throws at 5000 appointments","invocations":1,"location":null,"numPassingAsserts":1,"retryReasons":[],"status":"passed","title":"pro: throws at 5000 appointments"},{"ancestorTitles":["enforceAppointmentLimit"],"duration":1,"failureDetails":[],"failureMessages":[],"fullName":"enforceAppointmentLimit enterprise: does not enforce a cap","invocations":1,"location":null,"numPassingAsserts":1,"retryReasons":[],"status":"passed","title":"enterprise: does not enforce a cap"},{"ancestorTitles":["enforceBranchLimit"],"duration":2,"failureDetails":[],"failureMessages":[],"fullName":"enforceBranchLimit lite: throws at 1 branch","invocations":1,"location":null,"numPassingAsserts":1,"retryReasons":[],"status":"passed","title":"lite: throws at 1 branch"},{"ancestorTitles":["enforceBranchLimit"],"duration":1,"failureDetails":[],"failureMessages":[],"fullName":"enforceBranchLimit lite: allows 0 branches","invocations":1,"location":null,"numPassingAsserts":1,"retryReasons":[],"status":"passed","title":"lite: allows 0 branches"},{"ancestorTitles":["enforceBranchLimit"],"duration":0,"failureDetails":[],"failureMessages":[],"fullName":"enforceBranchLimit pro: allows 4 branches","invocations":1,"location":null,"numPassingAsserts":1,"retryReasons":[],"status":"passed","title":"pro: allows 4 branches"},{"ancestorTitles":["enforceBranchLimit"],"duration":1,"failureDetails":[],"failureMessages":[],"fullName":"enforceBranchLimit pro: throws at 5 branches","invocations":1,"location":null,"numPassingAsserts":1,"retryReasons":[],"status":"passed","title":"pro: throws at 5 branches"},{"ancestorTitles":["enforceBranchLimit"],"duration":1,"failureDetails":[],"failureMessages":[],"fullName":"enforceBranchLimit enterprise: never throws","invocations":1,"location":null,"numPassingAsserts":1,"retryReasons":[],"status":"passed","title":"enterprise: never throws"},{"ancestorTitles":["enforceStorageLimit"],"duration":1,"failureDetails":[],"failureMessages":[],"fullName":"enforceStorageLimit lite: throws when upload would exceed 5 GB","invocations":1,"location":null,"numPassingAsserts":1,"retryReasons":[],"status":"passed","title":"lite: throws when upload would exceed 5 GB"},{"ancestorTitles":["enforceStorageLimit"],"duration":1,"failureDetails":[],"failureMessages":[],"fullName":"enforceStorageLimit lite: allows upload within 5 GB quota","invocations":1,"location":null,"numPassingAsserts":1,"retryReasons":[],"status":"passed","title":"lite: allows upload within 5 GB quota"},{"ancestorTitles":["enforceStorageLimit"],"duration":0,"failureDetails":[],"failureMessages":[],"fullName":"enforceStorageLimit enterprise: never throws","invocations":1,"location":null,"numPassingAsserts":1,"retryReasons":[],"status":"passed","title":"enterprise: never throws"},{"ancestorTitles":["enforceFeature","aiModels feature"],"duration":1,"failureDetails":[],"failureMessages":[],"fullName":"enforceFeature aiModels feature lite: throws (aiModels = false)","invocations":1,"location":null,"numPassingAsserts":1,"retryReasons":[],"status":"passed","title":"lite: throws (aiModels = false)"},{"ancestorTitles":["enforceFeature","aiModels feature"],"duration":1,"failureDetails":[],"failureMessages":[],"fullName":"enforceFeature aiModels feature pro: throws (aiModels = false)","invocations":1,"location":null,"numPassingAsserts":1,"retryReasons":[],"status":"passed","title":"pro: throws (aiModels = false)"},{"ancestorTitles":["enforceFeature","aiModels feature"],"duration":0,"failureDetails":[],"failureMessages":[],"fullName":"enforceFeature aiModels feature enterprise: allows (aiModels = true)","invocations":1,"location":null,"numPassingAsserts":1,"retryReasons":[],"status":"passed","title":"enterprise: allows (aiModels = true)"},{"ancestorTitles":["enforceFeature","loyaltyProgram feature"],"duration":1,"failureDetails":[],"failureMessages":[],"fullName":"enforceFeature loyaltyProgram feature lite: throws","invocations":1,"location":null,"numPassingAsserts":1,"retryReasons":[],"status":"passed","title":"lite: throws"},{"ancestorTitles":["enforceFeature","loyaltyProgram feature"],"duration":1,"failureDetails":[],"failureMessages":[],"fullName":"enforceFeature loyaltyProgram feature pro: allows","invocations":1,"location":null,"numPassingAsserts":1,"retryReasons":[],"status":"passed","title":"pro: allows"},{"ancestorTitles":["enforceFeature","loyaltyProgram feature"],"duration":2,"failureDetails":[],"failureMessages":[],"fullName":"enforceFeature loyaltyProgram feature enterprise: allows","invocations":1,"location":null,"numPassingAsserts":1,"retryReasons":[],"status":"passed","title":"enterprise: allows"},{"ancestorTitles":["enforceFeature","advancedAnalytics feature"],"duration":1,"failureDetails":[],"failureMessages":[],"fullName":"enforceFeature advancedAnalytics feature lite: throws","invocations":1,"location":null,"numPassingAsserts":1,"retryReasons":[],"status":"passed","title":"lite: throws"},{"ancestorTitles":["enforceFeature","advancedAnalytics feature"],"duration":1,"failureDetails":[],"failureMessages":[],"fullName":"enforceFeature advancedAnalytics feature pro: allows","invocations":1,"location":null,"numPassingAsserts":1,"retryReasons":[],"status":"passed","title":"pro: allows"},{"ancestorTitles":["enforceFeature","advancedAnalytics feature"],"duration":1,"failureDetails":[],"failureMessages":[],"fullName":"enforceFeature advancedAnalytics feature enterprise: allows","invocations":1,"location":null,"numPassingAsserts":1,"retryReasons":[],"status":"passed","title":"enterprise: allows"},{"ancestorTitles":["enforceFeature","customWorkflows feature"],"duration":0,"failureDetails":[],"failureMessages":[],"fullName":"enforceFeature customWorkflows feature lite: throws","invocations":1,"location":null,"numPassingAsserts":1,"retryReasons":[],"status":"passed","title":"lite: throws"},{"ancestorTitles":["enforceFeature","customWorkflows feature"],"duration":1,"failureDetails":[],"failureMessages":[],"fullName":"enforceFeature customWorkflows feature pro: allows","invocations":1,"location":null,"numPassingAsserts":1,"retryReasons":[],"status":"passed","title":"pro: allows"},{"ancestorTitles":["enforceFeature","multiCurrency feature"],"duration":0,"failureDetails":[],"failureMessages":[],"fullName":"enforceFeature multiCurrency feature lite: throws","invocations":1,"location":null,"numPassingAsserts":1,"retryReasons":[],"status":"passed","title":"lite: throws"},{"ancestorTitles":["enforceFeature","multiCurrency feature"],"duration":0,"failureDetails":[],"failureMessages":[],"fullName":"enforceFeature multiCurrency feature pro: throws (multiCurrency is enterprise-only)","invocations":1,"location":null,"numPassingAsserts":1,"retryReasons":[],"status":"passed","title":"pro: throws (multiCurrency is enterprise-only)"},{"ancestorTitles":["enforceFeature","multiCurrency feature"],"duration":1,"failureDetails":[],"failureMessages":[],"fullName":"enforceFeature multiCurrency feature enterprise: allows","invocations":1,"location":null,"numPassingAsserts":1,"retryReasons":[],"status":"passed","title":"enterprise: allows"},{"ancestorTitles":["enforceFeature","PlanLimitExceededException response shape"],"duration":1,"failureDetails":[],"failureMessages":[],"fullName":"enforceFeature PlanLimitExceededException response shape contains upgradeRequired flag and resource name","invocations":1,"location":null,"numPassingAsserts":5,"retryReasons":[],"status":"passed","title":"contains upgradeRequired flag and resource name"}],"endTime":1783865903379,"message":"","name":"C:\\Users\\mrame\\Projects\\Booking System\\apps\\api\\src\\modules\\subscription\\tests\\subscription-enforcement.service.spec.ts","startTime":1783865902608,"status":"passed","summary":""},{"assertionResults":[{"ancestorTitles":["QueueMetricsService","recordEnqueued / getMetrics"],"duration":2,"failureDetails":[],"failureMessages":[],"fullName":"QueueMetricsService recordEnqueued / getMetrics increments queue depth on enqueue","invocations":1,"location":null,"numPassingAsserts":1,"retryReasons":[],"status":"passed","title":"increments queue depth on enqueue"},{"ancestorTitles":["QueueMetricsService","recordEnqueued / getMetrics"],"duration":1,"failureDetails":[],"failureMessages":[],"fullName":"QueueMetricsService recordEnqueued / getMetrics returns zero metrics when no events recorded","invocations":1,"location":null,"numPassingAsserts":4,"retryReasons":[],"status":"passed","title":"returns zero metrics when no events recorded"},{"ancestorTitles":["QueueMetricsService","recordCompleted"],"duration":1,"failureDetails":[],"failureMessages":[],"fullName":"QueueMetricsService recordCompleted decrements depth and increments processed counter","invocations":1,"location":null,"numPassingAsserts":2,"retryReasons":[],"status":"passed","title":"decrements depth and increments processed counter"},{"ancestorTitles":["QueueMetricsService","recordCompleted"],"duration":0,"failureDetails":[],"failureMessages":[],"fullName":"QueueMetricsService recordCompleted depth does not go below 0","invocations":1,"location":null,"numPassingAsserts":1,"retryReasons":[],"status":"passed","title":"depth does not go below 0"},{"ancestorTitles":["QueueMetricsService","recordFailed"],"duration":1,"failureDetails":[],"failureMessages":[],"fullName":"QueueMetricsService recordFailed decrements depth and increments error counter","invocations":1,"location":null,"numPassingAsserts":2,"retryReasons":[],"status":"passed","title":"decrements depth and increments error counter"},{"ancestorTitles":["QueueMetricsService","failure rate"],"duration":1,"failureDetails":[],"failureMessages":[],"fullName":"QueueMetricsService failure rate calculates failure rate correctly","invocations":1,"location":null,"numPassingAsserts":1,"retryReasons":[],"status":"passed","title":"calculates failure rate correctly"},{"ancestorTitles":["QueueMetricsService","resetDepth"],"duration":0,"failureDetails":[],"failureMessages":[],"fullName":"QueueMetricsService resetDepth resets queue depth to 0","invocations":1,"location":null,"numPassingAsserts":1,"retryReasons":[],"status":"passed","title":"resets queue depth to 0"},{"ancestorTitles":["QueueMetricsService","multiple queues"],"duration":1,"failureDetails":[],"failureMessages":[],"fullName":"QueueMetricsService multiple queues tracks metrics independently per queue","invocations":1,"location":null,"numPassingAsserts":2,"retryReasons":[],"status":"passed","title":"tracks metrics independently per queue"},{"ancestorTitles":["QueueMetricsService","Redis unavailable"],"duration":0,"failureDetails":[],"failureMessages":[],"fullName":"QueueMetricsService Redis unavailable returns zero metrics when Redis is offline","invocations":1,"location":null,"numPassingAsserts":1,"retryReasons":[],"status":"passed","title":"returns zero metrics when Redis is offline"}],"endTime":1783865904042,"message":"","name":"C:\\Users\\mrame\\Projects\\Booking System\\apps\\api\\src\\infrastructure\\redis\\tests\\queue-metrics.service.spec.ts","startTime":1783865903415,"status":"passed","summary":""},{"assertionResults":[{"ancestorTitles":["analytics-report-csv"],"duration":19,"failureDetails":[],"failureMessages":[],"fullName":"analytics-report-csv builds localized CSV with BOM and KPI sections","invocations":1,"location":null,"numPassingAsserts":4,"retryReasons":[],"status":"passed","title":"builds localized CSV with BOM and KPI sections"},{"ancestorTitles":["analytics-report-csv"],"duration":3,"failureDetails":[],"failureMessages":[],"fullName":"analytics-report-csv builds Arabic CSV labels","invocations":1,"location":null,"numPassingAsserts":1,"retryReasons":[],"status":"passed","title":"builds Arabic CSV labels"},{"ancestorTitles":["analytics-report-csv"],"duration":0,"failureDetails":[],"failureMessages":[],"fullName":"analytics-report-csv counts data rows including revenue trend","invocations":1,"location":null,"numPassingAsserts":1,"retryReasons":[],"status":"passed","title":"counts data rows including revenue trend"}],"endTime":1783865904943,"message":"","name":"C:\\Users\\mrame\\Projects\\Booking System\\apps\\api\\src\\modules\\analytics\\application\\services\\analytics-report-csv.spec.ts","startTime":1783865904046,"status":"passed","summary":""},{"assertionResults":[{"ancestorTitles":["PlatformAdminDomainExceptionFilter"],"duration":1,"failureDetails":[],"failureMessages":[],"fullName":"PlatformAdminDomainExceptionFilter maps state errors to 409","invocations":1,"location":null,"numPassingAsserts":2,"retryReasons":[],"status":"passed","title":"maps state errors to 409"},{"ancestorTitles":["PlatformAdminDomainExceptionFilter"],"duration":0,"failureDetails":[],"failureMessages":[],"fullName":"PlatformAdminDomainExceptionFilter maps validation errors to 422","invocations":1,"location":null,"numPassingAsserts":2,"retryReasons":[],"status":"passed","title":"maps validation errors to 422"}],"endTime":1783865905358,"message":"","name":"C:\\Users\\mrame\\Projects\\Booking System\\apps\\api\\src\\modules\\platform-admin\\tests\\platform-admin-domain-exception.filter.spec.ts","startTime":1783865904965,"status":"passed","summary":""},{"assertionResults":[{"ancestorTitles":["LicensedModuleGuard"],"duration":1,"failureDetails":[],"failureMessages":[],"fullName":"LicensedModuleGuard passes when no module metadata","invocations":1,"location":null,"numPassingAsserts":1,"retryReasons":[],"status":"passed","title":"passes when no module metadata"},{"ancestorTitles":["LicensedModuleGuard"],"duration":0,"failureDetails":[],"failureMessages":[],"fullName":"LicensedModuleGuard enforces module access for decorated routes","invocations":1,"location":null,"numPassingAsserts":3,"retryReasons":[],"status":"passed","title":"enforces module access for decorated routes"},{"ancestorTitles":["LicensedModuleGuard"],"duration":14,"failureDetails":[],"failureMessages":[],"fullName":"LicensedModuleGuard rejects tenant header mismatch before licensing","invocations":1,"location":null,"numPassingAsserts":1,"retryReasons":[],"status":"passed","title":"rejects tenant header mismatch before licensing"}],"endTime":1783865905873,"message":"","name":"C:\\Users\\mrame\\Projects\\Booking System\\apps\\api\\src\\modules\\subscription\\tests\\licensed-module.guard.spec.ts","startTime":1783865905361,"status":"passed","summary":""},{"assertionResults":[{"ancestorTitles":["Subscription handlers"],"duration":7,"failureDetails":[],"failureMessages":[],"fullName":"Subscription handlers creates and retrieves a subscription","invocations":1,"location":null,"numPassingAsserts":3,"retryReasons":[],"status":"passed","title":"creates and retrieves a subscription"},{"ancestorTitles":["Subscription handlers"],"duration":2,"failureDetails":[],"failureMessages":[],"fullName":"Subscription handlers lists subscriptions with pagination","invocations":1,"location":null,"numPassingAsserts":1,"retryReasons":[],"status":"passed","title":"lists subscriptions with pagination"},{"ancestorTitles":["Subscription handlers"],"duration":2,"failureDetails":[],"failureMessages":[],"fullName":"Subscription handlers cancels a subscription","invocations":1,"location":null,"numPassingAsserts":1,"retryReasons":[],"status":"passed","title":"cancels a subscription"}],"endTime":1783865906416,"message":"","name":"C:\\Users\\mrame\\Projects\\Booking System\\apps\\api\\src\\modules\\subscription\\__tests__\\subscription.handler.test.ts","startTime":1783865905877,"status":"passed","summary":""},{"assertionResults":[{"ancestorTitles":["CreateLoyaltyAccountHandler"],"duration":8,"failureDetails":[],"failureMessages":[],"fullName":"CreateLoyaltyAccountHandler creates and persists a loyalty account","invocations":1,"location":null,"numPassingAsserts":5,"retryReasons":[],"status":"passed","title":"creates and persists a loyalty account"}],"endTime":1783865906990,"message":"","name":"C:\\Users\\mrame\\Projects\\Booking System\\apps\\api\\src\\modules\\loyalty\\tests\\create-loyalty-account.handler.spec.ts","startTime":1783865906435,"status":"passed","summary":""},{"assertionResults":[{"ancestorTitles":["NotificationAutomationListener"],"duration":1,"failureDetails":[],"failureMessages":[],"fullName":"NotificationAutomationListener executes rules for appointment.scheduled","invocations":1,"location":null,"numPassingAsserts":1,"retryReasons":[],"status":"passed","title":"executes rules for appointment.scheduled"},{"ancestorTitles":["NotificationAutomationListener"],"duration":0,"failureDetails":[],"failureMessages":[],"fullName":"NotificationAutomationListener executes rules for security.alert","invocations":1,"location":null,"numPassingAsserts":1,"retryReasons":[],"status":"passed","title":"executes rules for security.alert"},{"ancestorTitles":["NotificationAutomationListener"],"duration":1,"failureDetails":[],"failureMessages":[],"fullName":"NotificationAutomationListener ignores unmapped events","invocations":1,"location":null,"numPassingAsserts":1,"retryReasons":[],"status":"passed","title":"ignores unmapped events"},{"ancestorTitles":["NotificationAutomationExecutorService"],"duration":0,"failureDetails":[],"failureMessages":[],"fullName":"NotificationAutomationExecutorService sends notifications to patient role recipients","invocations":1,"location":null,"numPassingAsserts":2,"retryReasons":[],"status":"passed","title":"sends notifications to patient role recipients"}],"endTime":1783865907545,"message":"","name":"C:\\Users\\mrame\\Projects\\Booking System\\apps\\api\\src\\modules\\notifications\\tests\\notification-automation.listener.spec.ts","startTime":1783865906995,"status":"passed","summary":""},{"assertionResults":[{"ancestorTitles":["PrismaCommissionRepository","save()"],"duration":7,"failureDetails":[],"failureMessages":[],"fullName":"PrismaCommissionRepository save() maps calculated status to CALCULATED","invocations":1,"location":null,"numPassingAsserts":1,"retryReasons":[],"status":"passed","title":"maps calculated status to CALCULATED"},{"ancestorTitles":["PrismaCommissionRepository","save()"],"duration":2,"failureDetails":[],"failureMessages":[],"fullName":"PrismaCommissionRepository save() delete-recreates line items for idempotency","invocations":1,"location":null,"numPassingAsserts":2,"retryReasons":[],"status":"passed","title":"delete-recreates line items for idempotency"},{"ancestorTitles":["PrismaCommissionRepository","list()"],"duration":1,"failureDetails":[],"failureMessages":[],"fullName":"PrismaCommissionRepository list() filters by providerId","invocations":1,"location":null,"numPassingAsserts":1,"retryReasons":[],"status":"passed","title":"filters by providerId"},{"ancestorTitles":["PrismaCommissionRuleRepository","save()"],"duration":2,"failureDetails":[],"failureMessages":[],"fullName":"PrismaCommissionRuleRepository save() maps percentage rate to PERCENTAGE","invocations":1,"location":null,"numPassingAsserts":1,"retryReasons":[],"status":"passed","title":"maps percentage rate to PERCENTAGE"},{"ancestorTitles":["PrismaCommissionRuleRepository","list()"],"duration":1,"failureDetails":[],"failureMessages":[],"fullName":"PrismaCommissionRuleRepository list() applies effectiveDate range filter","invocations":1,"location":null,"numPassingAsserts":1,"retryReasons":[],"status":"passed","title":"applies effectiveDate range filter"}],"endTime":1783865908119,"message":"","name":"C:\\Users\\mrame\\Projects\\Booking System\\apps\\api\\src\\modules\\commission\\tests\\prisma-commission.repository.spec.ts","startTime":1783865907550,"status":"passed","summary":""},{"assertionResults":[{"ancestorTitles":["PrismaAppointmentRepository","save()"],"duration":5,"failureDetails":[],"failureMessages":[],"fullName":"PrismaAppointmentRepository save() maps domain status to uppercase Prisma enum","invocations":1,"location":null,"numPassingAsserts":1,"retryReasons":[],"status":"passed","title":"maps domain status to uppercase Prisma enum"},{"ancestorTitles":["PrismaAppointmentRepository","save()"],"duration":2,"failureDetails":[],"failureMessages":[],"fullName":"PrismaAppointmentRepository save() maps checked_in and in_progress statuses","invocations":1,"location":null,"numPassingAsserts":2,"retryReasons":[],"status":"passed","title":"maps checked_in and in_progress statuses"},{"ancestorTitles":["PrismaAppointmentRepository","save()"],"duration":2,"failureDetails":[],"failureMessages":[],"fullName":"PrismaAppointmentRepository save() converts ISO slot strings to Date objects","invocations":1,"location":null,"numPassingAsserts":2,"retryReasons":[],"status":"passed","title":"converts ISO slot strings to Date objects"},{"ancestorTitles":["PrismaAppointmentRepository","findById()"],"duration":1,"failureDetails":[],"failureMessages":[],"fullName":"PrismaAppointmentRepository findById() returns null when not found","invocations":1,"location":null,"numPassingAsserts":1,"retryReasons":[],"status":"passed","title":"returns null when not found"},{"ancestorTitles":["PrismaAppointmentRepository","findById()"],"duration":3,"failureDetails":[],"failureMessages":[],"fullName":"PrismaAppointmentRepository findById() reconstructs appointment with correct TimeSlotVO","invocations":1,"location":null,"numPassingAsserts":4,"retryReasons":[],"status":"passed","title":"reconstructs appointment with correct TimeSlotVO"},{"ancestorTitles":["PrismaAppointmentRepository","findByProviderAndSlot()"],"duration":2,"failureDetails":[],"failureMessages":[],"fullName":"PrismaAppointmentRepository findByProviderAndSlot() queries for overlapping slots using lt/gt range","invocations":1,"location":null,"numPassingAsserts":1,"retryReasons":[],"status":"passed","title":"queries for overlapping slots using lt/gt range"},{"ancestorTitles":["PrismaAppointmentRepository","findByProviderAndSlot()"],"duration":1,"failureDetails":[],"failureMessages":[],"fullName":"PrismaAppointmentRepository findByProviderAndSlot() returns null when no overlap exists","invocations":1,"location":null,"numPassingAsserts":1,"retryReasons":[],"status":"passed","title":"returns null when no overlap exists"}],"endTime":1783865908658,"message":"","name":"C:\\Users\\mrame\\Projects\\Booking System\\apps\\api\\src\\modules\\scheduling\\tests\\prisma-appointment.repository.spec.ts","startTime":1783865908124,"status":"passed","summary":""},{"assertionResults":[{"ancestorTitles":["RetireAiModelHandler"],"duration":6,"failureDetails":[],"failureMessages":[],"fullName":"RetireAiModelHandler retires a model and publishes an event","invocations":1,"location":null,"numPassingAsserts":2,"retryReasons":[],"status":"passed","title":"retires a model and publishes an event"},{"ancestorTitles":["RetireAiModelHandler"],"duration":14,"failureDetails":[],"failureMessages":[],"fullName":"RetireAiModelHandler throws when the actor lacks governance operation permission","invocations":1,"location":null,"numPassingAsserts":1,"retryReasons":[],"status":"passed","title":"throws when the actor lacks governance operation permission"},{"ancestorTitles":["RetireAiModelHandler"],"duration":2,"failureDetails":[],"failureMessages":[],"fullName":"RetireAiModelHandler throws when retiredBy is missing","invocations":1,"location":null,"numPassingAsserts":1,"retryReasons":[],"status":"passed","title":"throws when retiredBy is missing"},{"ancestorTitles":["RetireAiModelHandler"],"duration":1,"failureDetails":[],"failureMessages":[],"fullName":"RetireAiModelHandler throws when model is not found","invocations":1,"location":null,"numPassingAsserts":1,"retryReasons":[],"status":"passed","title":"throws when model is not found"},{"ancestorTitles":["RetireAiModelHandler"],"duration":2,"failureDetails":[],"failureMessages":[],"fullName":"RetireAiModelHandler does not retire a model belonging to another tenant","invocations":1,"location":null,"numPassingAsserts":1,"retryReasons":[],"status":"passed","title":"does not retire a model belonging to another tenant"}],"endTime":1783865909234,"message":"","name":"C:\\Users\\mrame\\Projects\\Booking System\\apps\\api\\src\\modules\\ai\\tests\\retire-ai-model.handler.spec.ts","startTime":1783865908661,"status":"passed","summary":""},{"assertionResults":[{"ancestorTitles":["PrismaTenantRepository","save()"],"duration":4,"failureDetails":[],"failureMessages":[],"fullName":"PrismaTenantRepository save() upserts tenant with name, timezone, and locale","invocations":1,"location":null,"numPassingAsserts":1,"retryReasons":[],"status":"passed","title":"upserts tenant with name, timezone, and locale"},{"ancestorTitles":["PrismaTenantRepository","save()"],"duration":1,"failureDetails":[],"failureMessages":[],"fullName":"PrismaTenantRepository save() sets domain to null when no TenantDomainVO","invocations":1,"location":null,"numPassingAsserts":1,"retryReasons":[],"status":"passed","title":"sets domain to null when no TenantDomainVO"},{"ancestorTitles":["PrismaTenantRepository","save()"],"duration":1,"failureDetails":[],"failureMessages":[],"fullName":"PrismaTenantRepository save() persists features as JSON object","invocations":1,"location":null,"numPassingAsserts":1,"retryReasons":[],"status":"passed","title":"persists features as JSON object"},{"ancestorTitles":["PrismaTenantRepository","findById()"],"duration":1,"failureDetails":[],"failureMessages":[],"fullName":"PrismaTenantRepository findById() returns null when not found","invocations":1,"location":null,"numPassingAsserts":1,"retryReasons":[],"status":"passed","title":"returns null when not found"},{"ancestorTitles":["PrismaTenantRepository","findById()"],"duration":1,"failureDetails":[],"failureMessages":[],"fullName":"PrismaTenantRepository findById() queries with soft delete guard","invocations":1,"location":null,"numPassingAsserts":1,"retryReasons":[],"status":"passed","title":"queries with soft delete guard"},{"ancestorTitles":["PrismaTenantRepository","findById()"],"duration":3,"failureDetails":[],"failureMessages":[],"fullName":"PrismaTenantRepository findById() reconstructs Tenant with TenantSettingsVO","invocations":1,"location":null,"numPassingAsserts":4,"retryReasons":[],"status":"passed","title":"reconstructs Tenant with TenantSettingsVO"},{"ancestorTitles":["PrismaTenantRepository","findByDomain()"],"duration":2,"failureDetails":[],"failureMessages":[],"fullName":"PrismaTenantRepository findByDomain() queries by lowercased, trimmed domain","invocations":1,"location":null,"numPassingAsserts":1,"retryReasons":[],"status":"passed","title":"queries by lowercased, trimmed domain"}],"endTime":1783865909790,"message":"","name":"C:\\Users\\mrame\\Projects\\Booking System\\apps\\api\\src\\modules\\tenant\\tests\\prisma-tenant.repository.spec.ts","startTime":1783865909252,"status":"passed","summary":""},{"assertionResults":[{"ancestorTitles":["ApiRateLimitService"],"duration":1,"failureDetails":[],"failureMessages":[],"fullName":"ApiRateLimitService allows tenant request under hourly plan limit","invocations":1,"location":null,"numPassingAsserts":1,"retryReasons":[],"status":"passed","title":"allows tenant request under hourly plan limit"},{"ancestorTitles":["ApiRateLimitService"],"duration":1,"failureDetails":[],"failureMessages":[],"fullName":"ApiRateLimitService throws 429 when tenant limit exceeded","invocations":1,"location":null,"numPassingAsserts":1,"retryReasons":[],"status":"passed","title":"throws 429 when tenant limit exceeded"},{"ancestorTitles":["ApiRateLimitService"],"duration":0,"failureDetails":[],"failureMessages":[],"fullName":"ApiRateLimitService passes through unlimited enterprise plan","invocations":1,"location":null,"numPassingAsserts":2,"retryReasons":[],"status":"passed","title":"passes through unlimited enterprise plan"},{"ancestorTitles":["ApiRateLimitService"],"duration":1,"failureDetails":[],"failureMessages":[],"fullName":"ApiRateLimitService isolates tenants with different keys","invocations":1,"location":null,"numPassingAsserts":1,"retryReasons":[],"status":"passed","title":"isolates tenants with different keys"},{"ancestorTitles":["ApiRateLimitService"],"duration":1,"failureDetails":[],"failureMessages":[],"fullName":"ApiRateLimitService uses sliding window for auth endpoints","invocations":1,"location":null,"numPassingAsserts":1,"retryReasons":[],"status":"passed","title":"uses sliding window for auth endpoints"}],"endTime":1783865910249,"message":"","name":"C:\\Users\\mrame\\Projects\\Booking System\\apps\\api\\src\\modules\\subscription\\tests\\api-rate-limit.service.spec.ts","startTime":1783865909794,"status":"passed","summary":""},{"assertionResults":[{"ancestorTitles":["PrismaPatientRepository","save()"],"duration":5,"failureDetails":[],"failureMessages":[],"fullName":"PrismaPatientRepository save() upserts patient with name fields and gender","invocations":1,"location":null,"numPassingAsserts":2,"retryReasons":[],"status":"passed","title":"upserts patient with name fields and gender"},{"ancestorTitles":["PrismaPatientRepository","save()"],"duration":2,"failureDetails":[],"failureMessages":[],"fullName":"PrismaPatientRepository save() deletes and recreates addresses in the same transaction","invocations":1,"location":null,"numPassingAsserts":2,"retryReasons":[],"status":"passed","title":"deletes and recreates addresses in the same transaction"},{"ancestorTitles":["PrismaPatientRepository","save()"],"duration":1,"failureDetails":[],"failureMessages":[],"fullName":"PrismaPatientRepository save() converts dateOfBirth string to Date","invocations":1,"location":null,"numPassingAsserts":1,"retryReasons":[],"status":"passed","title":"converts dateOfBirth string to Date"},{"ancestorTitles":["PrismaPatientRepository","findById()"],"duration":3,"failureDetails":[],"failureMessages":[],"fullName":"PrismaPatientRepository findById() returns null when not found","invocations":1,"location":null,"numPassingAsserts":1,"retryReasons":[],"status":"passed","title":"returns null when not found"},{"ancestorTitles":["PrismaPatientRepository","findById()"],"duration":2,"failureDetails":[],"failureMessages":[],"fullName":"PrismaPatientRepository findById() queries with soft delete guard","invocations":1,"location":null,"numPassingAsserts":1,"retryReasons":[],"status":"passed","title":"queries with soft delete guard"},{"ancestorTitles":["PrismaPatientRepository","findById()"],"duration":2,"failureDetails":[],"failureMessages":[],"fullName":"PrismaPatientRepository findById() reconstructs Patient with PatientNameVO","invocations":1,"location":null,"numPassingAsserts":4,"retryReasons":[],"status":"passed","title":"reconstructs Patient with PatientNameVO"},{"ancestorTitles":["PrismaPatientRepository","findById()"],"duration":1,"failureDetails":[],"failureMessages":[],"fullName":"PrismaPatientRepository findById() reconstructs addresses from address relation","invocations":1,"location":null,"numPassingAsserts":2,"retryReasons":[],"status":"passed","title":"reconstructs addresses from address relation"},{"ancestorTitles":["PrismaPatientRepository","findByIdentifier()"],"duration":2,"failureDetails":[],"failureMessages":[],"fullName":"PrismaPatientRepository findByIdentifier() queries using nationalId field","invocations":1,"location":null,"numPassingAsserts":1,"retryReasons":[],"status":"passed","title":"queries using nationalId field"}],"endTime":1783865910812,"message":"","name":"C:\\Users\\mrame\\Projects\\Booking System\\apps\\api\\src\\modules\\patients\\tests\\prisma-patient.repository.spec.ts","startTime":1783865910275,"status":"passed","summary":""},{"assertionResults":[{"ancestorTitles":["Portal account lifecycle handlers"],"duration":6,"failureDetails":[],"failureMessages":[],"fullName":"Portal account lifecycle handlers activates an invited account","invocations":1,"location":null,"numPassingAsserts":3,"retryReasons":[],"status":"passed","title":"activates an invited account"},{"ancestorTitles":["Portal account lifecycle handlers"],"duration":4,"failureDetails":[],"failureMessages":[],"fullName":"Portal account lifecycle handlers forbids governance actions for receptionists","invocations":1,"location":null,"numPassingAsserts":1,"retryReasons":[],"status":"passed","title":"forbids governance actions for receptionists"},{"ancestorTitles":["Portal account lifecycle handlers"],"duration":3,"failureDetails":[],"failureMessages":[],"fullName":"Portal account lifecycle handlers suspends and reactivates an active account","invocations":1,"location":null,"numPassingAsserts":2,"retryReasons":[],"status":"passed","title":"suspends and reactivates an active account"},{"ancestorTitles":["Portal account lifecycle handlers"],"duration":3,"failureDetails":[],"failureMessages":[],"fullName":"Portal account lifecycle handlers deactivates and cascades caregiver revocation events","invocations":1,"location":null,"numPassingAsserts":3,"retryReasons":[],"status":"passed","title":"deactivates and cascades caregiver revocation events"},{"ancestorTitles":["Portal account lifecycle handlers"],"duration":2,"failureDetails":[],"failureMessages":[],"fullName":"Portal account lifecycle handlers throws NotFound for an unknown account","invocations":1,"location":null,"numPassingAsserts":1,"retryReasons":[],"status":"passed","title":"throws NotFound for an unknown account"}],"endTime":1783865911396,"message":"","name":"C:\\Users\\mrame\\Projects\\Booking System\\apps\\api\\src\\modules\\patient-portal\\tests\\portal-account-lifecycle.handler.spec.ts","startTime":1783865910817,"status":"passed","summary":""},{"assertionResults":[{"ancestorTitles":["NotificationAutomationSchedulerService"],"duration":14,"failureDetails":[],"failureMessages":[],"fullName":"NotificationAutomationSchedulerService triggers due scheduled rules once per hour bucket","invocations":1,"location":null,"numPassingAsserts":3,"retryReasons":[],"status":"passed","title":"triggers due scheduled rules once per hour bucket"},{"ancestorTitles":["NotificationAutomationSchedulerService"],"duration":5,"failureDetails":[],"failureMessages":[],"fullName":"NotificationAutomationSchedulerService skips duplicate hourly runs","invocations":1,"location":null,"numPassingAsserts":2,"retryReasons":[],"status":"passed","title":"skips duplicate hourly runs"}],"endTime":1783865912015,"message":"","name":"C:\\Users\\mrame\\Projects\\Booking System\\apps\\api\\src\\modules\\background\\tests\\notification-automation-scheduler.service.spec.ts","startTime":1783865911416,"status":"passed","summary":""},{"assertionResults":[{"ancestorTitles":["AiSkillExecutorService"],"duration":1,"failureDetails":[],"failureMessages":[],"fullName":"AiSkillExecutorService formats appointments.today with patient names","invocations":1,"location":null,"numPassingAsserts":4,"retryReasons":[],"status":"passed","title":"formats appointments.today with patient names"},{"ancestorTitles":["AiSkillExecutorService"],"duration":2,"failureDetails":[],"failureMessages":[],"fullName":"AiSkillExecutorService guides patient.summary without patient context","invocations":1,"location":null,"numPassingAsserts":2,"retryReasons":[],"status":"passed","title":"guides patient.summary without patient context"},{"ancestorTitles":["AiSkillExecutorService"],"duration":1,"failureDetails":[],"failureMessages":[],"fullName":"AiSkillExecutorService lists app.help suggestions from smart actions","invocations":1,"location":null,"numPassingAsserts":2,"retryReasons":[],"status":"passed","title":"lists app.help suggestions from smart actions"},{"ancestorTitles":["AiSkillExecutorService"],"duration":2,"failureDetails":[],"failureMessages":[],"fullName":"AiSkillExecutorService formats billing.outstanding totals","invocations":1,"location":null,"numPassingAsserts":2,"retryReasons":[],"status":"passed","title":"formats billing.outstanding totals"},{"ancestorTitles":["AiSkillExecutorService"],"duration":1,"failureDetails":[],"failureMessages":[],"fullName":"AiSkillExecutorService searches patients via global search handler","invocations":1,"location":null,"numPassingAsserts":2,"retryReasons":[],"status":"passed","title":"searches patients via global search handler"}],"endTime":1783865912574,"message":"","name":"C:\\Users\\mrame\\Projects\\Booking System\\apps\\api\\src\\modules\\ai\\tests\\ai-skill-executor.service.spec.ts","startTime":1783865912020,"status":"passed","summary":""},{"assertionResults":[{"ancestorTitles":["Privileged access handlers"],"duration":10,"failureDetails":[],"failureMessages":[],"fullName":"Privileged access handlers requests standard access as pending and emits a Requested event","invocations":1,"location":null,"numPassingAsserts":4,"retryReasons":[],"status":"passed","title":"requests standard access as pending and emits a Requested event"},{"ancestorTitles":["Privileged access handlers"],"duration":3,"failureDetails":[],"failureMessages":[],"fullName":"Privileged access handlers activates break-glass immediately and emits a Granted event","invocations":1,"location":null,"numPassingAsserts":4,"retryReasons":[],"status":"passed","title":"activates break-glass immediately and emits a Granted event"},{"ancestorTitles":["Privileged access handlers"],"duration":3,"failureDetails":[],"failureMessages":[],"fullName":"Privileged access handlers enforces separation of duties: requester cannot approve own grant","invocations":1,"location":null,"numPassingAsserts":3,"retryReasons":[],"status":"passed","title":"enforces separation of duties: requester cannot approve own grant"},{"ancestorTitles":["Privileged access handlers"],"duration":2,"failureDetails":[],"failureMessages":[],"fullName":"Privileged access handlers rejects a pending grant by a different reviewer","invocations":1,"location":null,"numPassingAsserts":1,"retryReasons":[],"status":"passed","title":"rejects a pending grant by a different reviewer"},{"ancestorTitles":["Privileged access handlers"],"duration":3,"failureDetails":[],"failureMessages":[],"fullName":"Privileged access handlers revokes an active break-glass grant","invocations":1,"location":null,"numPassingAsserts":1,"retryReasons":[],"status":"passed","title":"revokes an active break-glass grant"},{"ancestorTitles":["Privileged access handlers"],"duration":4,"failureDetails":[],"failureMessages":[],"fullName":"Privileged access handlers forbids non-super-admins from requesting privileged access","invocations":1,"location":null,"numPassingAsserts":1,"retryReasons":[],"status":"passed","title":"forbids non-super-admins from requesting privileged access"}],"endTime":1783865913306,"message":"","name":"C:\\Users\\mrame\\Projects\\Booking System\\apps\\api\\src\\modules\\platform-admin\\tests\\privileged-access.handler.spec.ts","startTime":1783865912594,"status":"passed","summary":""},{"assertionResults":[{"ancestorTitles":["AddInvoiceLineItemHandler"],"duration":8,"failureDetails":[],"failureMessages":[],"fullName":"AddInvoiceLineItemHandler adds a line item to an existing invoice","invocations":1,"location":null,"numPassingAsserts":3,"retryReasons":[],"status":"passed","title":"adds a line item to an existing invoice"}],"endTime":1783865913874,"message":"","name":"C:\\Users\\mrame\\Projects\\Booking System\\apps\\api\\src\\modules\\billing\\tests\\add-invoice-line-item.handler.spec.ts","startTime":1783865913310,"status":"passed","summary":""},{"assertionResults":[{"ancestorTitles":["RealtimeDomainEventListener"],"duration":3,"failureDetails":[],"failureMessages":[],"fullName":"RealtimeDomainEventListener broadcasts appointment and queue events on AppointmentScheduledEvent","invocations":1,"location":null,"numPassingAsserts":3,"retryReasons":[],"status":"passed","title":"broadcasts appointment and queue events on AppointmentScheduledEvent"},{"ancestorTitles":["RealtimeDomainEventListener"],"duration":0,"failureDetails":[],"failureMessages":[],"fullName":"RealtimeDomainEventListener broadcasts patient.registered on PatientRegisteredEvent","invocations":1,"location":null,"numPassingAsserts":1,"retryReasons":[],"status":"passed","title":"broadcasts patient.registered on PatientRegisteredEvent"},{"ancestorTitles":["RealtimeDomainEventListener"],"duration":1,"failureDetails":[],"failureMessages":[],"fullName":"RealtimeDomainEventListener targets user room on NotificationCreatedEvent","invocations":1,"location":null,"numPassingAsserts":1,"retryReasons":[],"status":"passed","title":"targets user room on NotificationCreatedEvent"}],"endTime":1783865914368,"message":"","name":"C:\\Users\\mrame\\Projects\\Booking System\\apps\\api\\src\\modules\\realtime\\tests\\realtime-domain-event.listener.spec.ts","startTime":1783865913890,"status":"passed","summary":""},{"assertionResults":[{"ancestorTitles":["LicensingCommercialAuditService"],"duration":2,"failureDetails":[],"failureMessages":[],"fullName":"LicensingCommercialAuditService records plan upgrade events","invocations":1,"location":null,"numPassingAsserts":1,"retryReasons":[],"status":"passed","title":"records plan upgrade events"},{"ancestorTitles":["LicensingCommercialAuditService"],"duration":1,"failureDetails":[],"failureMessages":[],"fullName":"LicensingCommercialAuditService records trial start events","invocations":1,"location":null,"numPassingAsserts":1,"retryReasons":[],"status":"passed","title":"records trial start events"},{"ancestorTitles":["LicensingCommercialAuditService"],"duration":1,"failureDetails":[],"failureMessages":[],"fullName":"LicensingCommercialAuditService records suspension events","invocations":1,"location":null,"numPassingAsserts":1,"retryReasons":[],"status":"passed","title":"records suspension events"},{"ancestorTitles":["LicensingCommercialAuditService"],"duration":1,"failureDetails":[],"failureMessages":[],"fullName":"LicensingCommercialAuditService records grace start on status transition","invocations":1,"location":null,"numPassingAsserts":1,"retryReasons":[],"status":"passed","title":"records grace start on status transition"},{"ancestorTitles":["LicensingCommercialAuditService"],"duration":0,"failureDetails":[],"failureMessages":[],"fullName":"LicensingCommercialAuditService records feature disable events","invocations":1,"location":null,"numPassingAsserts":1,"retryReasons":[],"status":"passed","title":"records feature disable events"}],"endTime":1783865914774,"message":"","name":"C:\\Users\\mrame\\Projects\\Booking System\\apps\\api\\src\\modules\\subscription\\tests\\licensing-commercial-audit.service.spec.ts","startTime":1783865914374,"status":"passed","summary":""},{"assertionResults":[{"ancestorTitles":["OutboxProcessorService"],"duration":2,"failureDetails":[],"failureMessages":[],"fullName":"OutboxProcessorService replays pending events and marks processed","invocations":1,"location":null,"numPassingAsserts":3,"retryReasons":[],"status":"passed","title":"replays pending events and marks processed"},{"ancestorTitles":["OutboxProcessorService"],"duration":1,"failureDetails":[],"failureMessages":[],"fullName":"OutboxProcessorService marks unknown event types as failed","invocations":1,"location":null,"numPassingAsserts":2,"retryReasons":[],"status":"passed","title":"marks unknown event types as failed"},{"ancestorTitles":["OutboxProcessorService"],"duration":0,"failureDetails":[],"failureMessages":[],"fullName":"OutboxProcessorService skips rows exceeding max attempts","invocations":1,"location":null,"numPassingAsserts":2,"retryReasons":[],"status":"passed","title":"skips rows exceeding max attempts"}],"endTime":1783865915199,"message":"","name":"C:\\Users\\mrame\\Projects\\Booking System\\apps\\api\\src\\modules\\background\\tests\\outbox-processor.service.spec.ts","startTime":1783865914779,"status":"passed","summary":""},{"assertionResults":[{"ancestorTitles":["CreateTreatmentHandler"],"duration":13,"failureDetails":[],"failureMessages":[],"fullName":"CreateTreatmentHandler applies procedures to existing chart","invocations":1,"location":null,"numPassingAsserts":3,"retryReasons":[],"status":"passed","title":"applies procedures to existing chart"}],"endTime":1783865915733,"message":"","name":"C:\\Users\\mrame\\Projects\\Booking System\\apps\\api\\src\\modules\\dental\\tests\\create-treatment.handler.spec.ts","startTime":1783865915220,"status":"passed","summary":""},{"assertionResults":[{"ancestorTitles":["SessionCacheService","cacheSession / getSession"],"duration":2,"failureDetails":[],"failureMessages":[],"fullName":"SessionCacheService cacheSession / getSession stores and retrieves a session","invocations":1,"location":null,"numPassingAsserts":3,"retryReasons":[],"status":"passed","title":"stores and retrieves a session"},{"ancestorTitles":["SessionCacheService","cacheSession / getSession"],"duration":0,"failureDetails":[],"failureMessages":[],"fullName":"SessionCacheService cacheSession / getSession returns null on cache miss","invocations":1,"location":null,"numPassingAsserts":1,"retryReasons":[],"status":"passed","title":"returns null on cache miss"},{"ancestorTitles":["SessionCacheService","cacheSession / getSession"],"duration":1,"failureDetails":[],"failureMessages":[],"fullName":"SessionCacheService cacheSession / getSession returns null when Redis is unavailable","invocations":1,"location":null,"numPassingAsserts":1,"retryReasons":[],"status":"passed","title":"returns null when Redis is unavailable"},{"ancestorTitles":["SessionCacheService","cacheSession / getSession"],"duration":0,"failureDetails":[],"failureMessages":[],"fullName":"SessionCacheService cacheSession / getSession does not throw when caching with Redis offline","invocations":1,"location":null,"numPassingAsserts":1,"retryReasons":[],"status":"passed","title":"does not throw when caching with Redis offline"},{"ancestorTitles":["SessionCacheService","invalidateSession"],"duration":1,"failureDetails":[],"failureMessages":[],"fullName":"SessionCacheService invalidateSession removes the session from cache","invocations":1,"location":null,"numPassingAsserts":1,"retryReasons":[],"status":"passed","title":"removes the session from cache"},{"ancestorTitles":["SessionCacheService","invalidateSession"],"duration":0,"failureDetails":[],"failureMessages":[],"fullName":"SessionCacheService invalidateSession does nothing when session does not exist","invocations":1,"location":null,"numPassingAsserts":1,"retryReasons":[],"status":"passed","title":"does nothing when session does not exist"},{"ancestorTitles":["SessionCacheService","invalidateUserSessions"],"duration":1,"failureDetails":[],"failureMessages":[],"fullName":"SessionCacheService invalidateUserSessions removes all sessions for a user","invocations":1,"location":null,"numPassingAsserts":3,"retryReasons":[],"status":"passed","title":"removes all sessions for a user"},{"ancestorTitles":["SessionCacheService","invalidateUserSessions"],"duration":2,"failureDetails":[],"failureMessages":[],"fullName":"SessionCacheService invalidateUserSessions does not affect other users' sessions","invocations":1,"location":null,"numPassingAsserts":2,"retryReasons":[],"status":"passed","title":"does not affect other users' sessions"},{"ancestorTitles":["SessionCacheService","JTI blacklisting"],"duration":1,"failureDetails":[],"failureMessages":[],"fullName":"SessionCacheService JTI blacklisting blacklists a JTI and detects it","invocations":1,"location":null,"numPassingAsserts":1,"retryReasons":[],"status":"passed","title":"blacklists a JTI and detects it"},{"ancestorTitles":["SessionCacheService","JTI blacklisting"],"duration":0,"failureDetails":[],"failureMessages":[],"fullName":"SessionCacheService JTI blacklisting non-blacklisted JTI returns false","invocations":1,"location":null,"numPassingAsserts":1,"retryReasons":[],"status":"passed","title":"non-blacklisted JTI returns false"},{"ancestorTitles":["SessionCacheService","JTI blacklisting"],"duration":1,"failureDetails":[],"failureMessages":[],"fullName":"SessionCacheService JTI blacklisting returns false when Redis is offline (graceful degradation)","invocations":1,"location":null,"numPassingAsserts":1,"retryReasons":[],"status":"passed","title":"returns false when Redis is offline (graceful degradation)"}],"endTime":1783865916157,"message":"","name":"C:\\Users\\mrame\\Projects\\Booking System\\apps\\api\\src\\infrastructure\\redis\\tests\\session-cache.service.spec.ts","startTime":1783865915738,"status":"passed","summary":""},{"assertionResults":[{"ancestorTitles":["PrismaRefreshTokenRepository"],"duration":1,"failureDetails":[],"failureMessages":[],"fullName":"PrismaRefreshTokenRepository save() calls upsert with correct shape including tenantId","invocations":1,"location":null,"numPassingAsserts":1,"retryReasons":[],"status":"passed","title":"save() calls upsert with correct shape including tenantId"},{"ancestorTitles":["PrismaRefreshTokenRepository"],"duration":0,"failureDetails":[],"failureMessages":[],"fullName":"PrismaRefreshTokenRepository findByTokenHash() returns null when not found","invocations":1,"location":null,"numPassingAsserts":1,"retryReasons":[],"status":"passed","title":"findByTokenHash() returns null when not found"},{"ancestorTitles":["PrismaRefreshTokenRepository"],"duration":1,"failureDetails":[],"failureMessages":[],"fullName":"PrismaRefreshTokenRepository findBySessionId() maps row to domain entity","invocations":1,"location":null,"numPassingAsserts":4,"retryReasons":[],"status":"passed","title":"findBySessionId() maps row to domain entity"},{"ancestorTitles":["PrismaRefreshTokenRepository"],"duration":1,"failureDetails":[],"failureMessages":[],"fullName":"PrismaRefreshTokenRepository findActiveByUserId() scopes to tenantId","invocations":1,"location":null,"numPassingAsserts":1,"retryReasons":[],"status":"passed","title":"findActiveByUserId() scopes to tenantId"},{"ancestorTitles":["PrismaRefreshTokenRepository"],"duration":0,"failureDetails":[],"failureMessages":[],"fullName":"PrismaRefreshTokenRepository revokeAllByUserId() calls updateMany","invocations":1,"location":null,"numPassingAsserts":1,"retryReasons":[],"status":"passed","title":"revokeAllByUserId() calls updateMany"}],"endTime":1783865916558,"message":"","name":"C:\\Users\\mrame\\Projects\\Booking System\\apps\\api\\src\\modules\\auth\\tests\\prisma-refresh-token.repository.spec.ts","startTime":1783865916162,"status":"passed","summary":""},{"assertionResults":[{"ancestorTitles":["AuditTrailPortalAuditLog (bridge to central audit trail)"],"duration":2,"failureDetails":[],"failureMessages":[],"fullName":"AuditTrailPortalAuditLog (bridge to central audit trail) persists a portal audit record into the central audit repository","invocations":1,"location":null,"numPassingAsserts":3,"retryReasons":[],"status":"passed","title":"persists a portal audit record into the central audit repository"},{"ancestorTitles":["AuditTrailPortalAuditLog (bridge to central audit trail)"],"duration":1,"failureDetails":[],"failureMessages":[],"fullName":"AuditTrailPortalAuditLog (bridge to central audit trail) isolate
[...]
":1,"location":null,"numPassingAsserts":2,"retryReasons":[],"status":"passed","title":"cancels an active subscription"},{"ancestorTitles":["Subscription aggregate"],"duration":1,"failureDetails":[],"failureMessages":[],"fullName":"Subscription aggregate throws when canceling an already canceled subscription","invocations":1,"location":null,"numPassingAsserts":1,"retryReasons":[],"status":"passed","title":"throws when canceling an already canceled subscription"}],"endTime":1783865990194,"message":"","name":"C:\\Users\\mrame\\Projects\\Booking System\\apps\\api\\src\\modules\\subscription\\__tests__\\subscription.domain.test.ts","startTime":1783865990044,"status":"passed","summary":""},{"assertionResults":[{"ancestorTitles":["scheduling-timezone.util"],"duration":2,"failureDetails":[],"failureMessages":[],"fullName":"scheduling-timezone.util normalizes invalid timezone to UTC","invocations":1,"location":null,"numPassingAsserts":2,"retryReasons":[],"status":"passed","title":"normalizes invalid timezone to UTC"},{"ancestorTitles":["scheduling-timezone.util"],"duration":4,"failureDetails":[],"failureMessages":[],"fullName":"scheduling-timezone.util computes day of week in timezone","invocations":1,"location":null,"numPassingAsserts":1,"retryReasons":[],"status":"passed","title":"computes day of week in timezone"},{"ancestorTitles":["scheduling-timezone.util"],"duration":1,"failureDetails":[],"failureMessages":[],"fullName":"scheduling-timezone.util builds zoned day bounds as UTC instants","invocations":1,"location":null,"numPassingAsserts":2,"retryReasons":[],"status":"passed","title":"builds zoned day bounds as UTC instants"},{"ancestorTitles":["scheduling-timezone.util"],"duration":1,"failureDetails":[],"failureMessages":[],"fullName":"scheduling-timezone.util applies clinic hours window in timezone","invocations":1,"location":null,"numPassingAsserts":3,"retryReasons":[],"status":"passed","title":"applies clinic hours window in timezone"},{"ancestorTitles":["scheduling-timezone.util"],"duration":0,"failureDetails":[],"failureMessages":[],"fullName":"scheduling-timezone.util returns null when day is closed","invocations":1,"location":null,"numPassingAsserts":1,"retryReasons":[],"status":"passed","title":"returns null when day is closed"}],"endTime":1783865990351,"message":"","name":"C:\\Users\\mrame\\Projects\\Booking System\\apps\\api\\src\\modules\\scheduling\\tests\\scheduling-timezone.util.spec.ts","startTime":1783865990197,"status":"passed","summary":""},{"assertionResults":[{"ancestorTitles":["CaregiverAccessDomainService"],"duration":1,"failureDetails":[],"failureMessages":[],"fullName":"CaregiverAccessDomainService allows a granted scope for a matching caregiver","invocations":1,"location":null,"numPassingAsserts":1,"retryReasons":[],"status":"passed","title":"allows a granted scope for a matching caregiver"},{"ancestorTitles":["CaregiverAccessDomainService"],"duration":1,"failureDetails":[],"failureMessages":[],"fullName":"CaregiverAccessDomainService matches the caregiver contact case-insensitively","invocations":1,"location":null,"numPassingAsserts":1,"retryReasons":[],"status":"passed","title":"matches the caregiver contact case-insensitively"},{"ancestorTitles":["CaregiverAccessDomainService"],"duration":0,"failureDetails":[],"failureMessages":[],"fullName":"CaregiverAccessDomainService denies a scope that was not granted","invocations":1,"location":null,"numPassingAsserts":1,"retryReasons":[],"status":"passed","title":"denies a scope that was not granted"},{"ancestorTitles":["CaregiverAccessDomainService"],"duration":1,"failureDetails":[],"failureMessages":[],"fullName":"CaregiverAccessDomainService denies an unknown caregiver","invocations":1,"location":null,"numPassingAsserts":1,"retryReasons":[],"status":"passed","title":"denies an unknown caregiver"},{"ancestorTitles":["CaregiverAccessDomainService"],"duration":0,"failureDetails":[],"failureMessages":[],"fullName":"CaregiverAccessDomainService denies when the account is not active","invocations":1,"location":null,"numPassingAsserts":1,"retryReasons":[],"status":"passed","title":"denies when the account is not active"}],"endTime":1783865990512,"message":"","name":"C:\\Users\\mrame\\Projects\\Booking System\\apps\\api\\src\\modules\\patient-portal\\tests\\caregiver-access.domain-service.spec.ts","startTime":1783865990366,"status":"passed","summary":""},{"assertionResults":[{"ancestorTitles":["Appointment entity lifecycle"],"duration":1,"failureDetails":[],"failureMessages":[],"fullName":"Appointment entity lifecycle transitions to checked_in","invocations":1,"location":null,"numPassingAsserts":2,"retryReasons":[],"status":"passed","title":"transitions to checked_in"},{"ancestorTitles":["Appointment entity lifecycle"],"duration":0,"failureDetails":[],"failureMessages":[],"fullName":"Appointment entity lifecycle transitions to in_progress","invocations":1,"location":null,"numPassingAsserts":1,"retryReasons":[],"status":"passed","title":"transitions to in_progress"},{"ancestorTitles":["Appointment entity lifecycle"],"duration":1,"failureDetails":[],"failureMessages":[],"fullName":"Appointment entity lifecycle does not check in cancelled appointments","invocations":1,"location":null,"numPassingAsserts":1,"retryReasons":[],"status":"passed","title":"does not check in cancelled appointments"},{"ancestorTitles":["Appointment entity lifecycle"],"duration":0,"failureDetails":[],"failureMessages":[],"fullName":"Appointment entity lifecycle reschedules slot","invocations":1,"location":null,"numPassingAsserts":1,"retryReasons":[],"status":"passed","title":"reschedules slot"}],"endTime":1783865990655,"message":"","name":"C:\\Users\\mrame\\Projects\\Booking System\\apps\\api\\src\\modules\\scheduling\\tests\\appointment.entity.spec.ts","startTime":1783865990516,"status":"passed","summary":""},{"assertionResults":[{"ancestorTitles":["entitlement-plan aliases"],"duration":1,"failureDetails":[],"failureMessages":[],"fullName":"entitlement-plan aliases accepts prisma and legacy plan names","invocations":1,"location":null,"numPassingAsserts":6,"retryReasons":[],"status":"passed","title":"accepts prisma and legacy plan names"}],"endTime":1783865990790,"message":"","name":"C:\\Users\\mrame\\Projects\\Booking System\\apps\\api\\src\\modules\\platform-admin\\domain\\value-objects\\entitlement-plan.spec.ts","startTime":1783865990658,"status":"passed","summary":""},{"assertionResults":[{"ancestorTitles":["report-dataset.service"],"duration":2,"failureDetails":[],"failureMessages":[],"fullName":"report-dataset.service filters by doctor and status","invocations":1,"location":null,"numPassingAsserts":2,"retryReasons":[],"status":"passed","title":"filters by doctor and status"},{"ancestorTitles":["report-dataset.service"],"duration":0,"failureDetails":[],"failureMessages":[],"fullName":"report-dataset.service slices inventory dataset","invocations":1,"location":null,"numPassingAsserts":2,"retryReasons":[],"status":"passed","title":"slices inventory dataset"}],"endTime":1783865990929,"message":"","name":"C:\\Users\\mrame\\Projects\\Booking System\\apps\\api\\src\\modules\\analytics\\application\\services\\report-dataset.service.spec.ts","startTime":1783865990793,"status":"passed","summary":""},{"assertionResults":[{"ancestorTitles":["Workflow list load test (100k+ DB integration)"],"duration":null,"failureDetails":[],"failureMessages":[],"fullName":"Workflow list load test (100k+ DB integration) passes benchmark suite against live database","invocations":1,"location":null,"numPassingAsserts":0,"retryReasons":[],"status":"pending","title":"passes benchmark suite against live database"},{"ancestorTitles":["Workflow load test results artifact"],"duration":0,"failureDetails":[],"failureMessages":[],"fullName":"Workflow load test results artifact validates saved benchmark report when WORKFLOW_LOAD_TEST_RESULTS=1","invocations":1,"location":null,"numPassingAsserts":0,"retryReasons":[],"status":"passed","title":"validates saved benchmark report when WORKFLOW_LOAD_TEST_RESULTS=1"}],"endTime":1783865991063,"message":"","name":"C:\\Users\\mrame\\Projects\\Booking System\\apps\\api\\src\\modules\\workflow\\tests\\list-workflows-paginated.load.spec.ts","startTime":1783865990932,"status":"focused","summary":""},{"assertionResults":[{"ancestorTitles":["date.utils"],"duration":2,"failureDetails":[],"failureMessages":[],"fullName":"date.utils computes UTC calendar days until end date","invocations":1,"location":null,"numPassingAsserts":2,"retryReasons":[],"status":"passed","title":"computes UTC calendar days until end date"},{"ancestorTitles":["date.utils"],"duration":1,"failureDetails":[],"failureMessages":[],"fullName":"date.utils matches subscription reminder windows","invocations":1,"location":null,"numPassingAsserts":2,"retryReasons":[],"status":"passed","title":"matches subscription reminder windows"},{"ancestorTitles":["date.utils"],"duration":0,"failureDetails":[],"failureMessages":[],"fullName":"date.utils detects inventory expiry windows","invocations":1,"location":null,"numPassingAsserts":2,"retryReasons":[],"status":"passed","title":"detects inventory expiry windows"}],"endTime":1783865991203,"message":"","name":"C:\\Users\\mrame\\Projects\\Booking System\\apps\\api\\src\\modules\\background\\tests\\date.utils.spec.ts","startTime":1783865991066,"status":"passed","summary":""},{"assertionResults":[{"ancestorTitles":["ai-route-context.config"],"duration":1,"failureDetails":[],"failureMessages":[],"fullName":"ai-route-context.config infers modules and resource ids from paths","invocations":1,"location":null,"numPassingAsserts":5,"retryReasons":[],"status":"passed","title":"infers modules and resource ids from paths"}],"endTime":1783865991343,"message":"","name":"C:\\Users\\mrame\\Projects\\Booking System\\apps\\api\\src\\modules\\ai\\tests\\ai-route-context.config.spec.ts","startTime":1783865991207,"status":"passed","summary":""},{"assertionResults":[{"ancestorTitles":["ai-command-registry.config"],"duration":1,"failureDetails":[],"failureMessages":[],"fullName":"ai-command-registry.config scores exact phrase matches highest","invocations":1,"location":null,"numPassingAsserts":2,"retryReasons":[],"status":"passed","title":"scores exact phrase matches highest"},{"ancestorTitles":["ai-command-registry.config"],"duration":1,"failureDetails":[],"failureMessages":[],"fullName":"ai-command-registry.config scores token overlap for partial natural language","invocations":1,"location":null,"numPassingAsserts":1,"retryReasons":[],"status":"passed","title":"scores token overlap for partial natural language"},{"ancestorTitles":["ai-command-registry.config"],"duration":1,"failureDetails":[],"failureMessages":[],"fullName":"ai-command-registry.config checks required context keys","invocations":1,"location":null,"numPassingAsserts":3,"retryReasons":[],"status":"passed","title":"checks required context keys"}],"endTime":1783865991490,"message":"","name":"C:\\Users\\mrame\\Projects\\Booking System\\apps\\api\\src\\modules\\ai\\tests\\ai-command-registry.config.spec.ts","startTime":1783865991357,"status":"passed","summary":""},{"assertionResults":[{"ancestorTitles":["subscription-grant-history.util"],"duration":1,"failureDetails":[],"failureMessages":[],"fullName":"subscription-grant-history.util appends and reads grant history entries","invocations":1,"location":null,"numPassingAsserts":4,"retryReasons":[],"status":"passed","title":"appends and reads grant history entries"}],"endTime":1783865991625,"message":"","name":"C:\\Users\\mrame\\Projects\\Booking System\\apps\\api\\src\\modules\\subscription\\application\\services\\subscription-grant-history.util.spec.ts","startTime":1783865991493,"status":"passed","summary":""},{"assertionResults":[{"ancestorTitles":["mergeAiContext"],"duration":1,"failureDetails":[],"failureMessages":[],"fullName":"mergeAiContext merges live context over stored values","invocations":1,"location":null,"numPassingAsserts":3,"retryReasons":[],"status":"passed","title":"merges live context over stored values"},{"ancestorTitles":["mergeAiContext"],"duration":0,"failureDetails":[],"failureMessages":[],"fullName":"mergeAiContext ignores empty live values","invocations":1,"location":null,"numPassingAsserts":2,"retryReasons":[],"status":"passed","title":"ignores empty live values"}],"endTime":1783865991764,"message":"","name":"C:\\Users\\mrame\\Projects\\Booking System\\apps\\api\\src\\modules\\ai\\tests\\merge-ai-context.spec.ts","startTime":1783865991629,"status":"passed","summary":""},{"assertionResults":[{"ancestorTitles":["PasswordPolicyVO.fromTenantPolicy"],"duration":1,"failureDetails":[],"failureMessages":[],"fullName":"PasswordPolicyVO.fromTenantPolicy applies tenant minimum length","invocations":1,"location":null,"numPassingAsserts":2,"retryReasons":[],"status":"passed","title":"applies tenant minimum length"}],"endTime":1783865991898,"message":"","name":"C:\\Users\\mrame\\Projects\\Booking System\\apps\\api\\src\\modules\\auth\\tests\\password-policy-tenant.spec.ts","startTime":1783865991767,"status":"passed","summary":""},{"assertionResults":[{"ancestorTitles":["plan-limits.config"],"duration":1,"failureDetails":[],"failureMessages":[],"fullName":"plan-limits.config includes smsInvites on pro and enterprise only","invocations":1,"location":null,"numPassingAsserts":3,"retryReasons":[],"status":"passed","title":"includes smsInvites on pro and enterprise only"}],"endTime":1783865992035,"message":"","name":"C:\\Users\\mrame\\Projects\\Booking System\\apps\\api\\src\\modules\\subscription\\tests\\plan-limits.config.spec.ts","startTime":1783865991901,"status":"passed","summary":""},{"assertionResults":[{"ancestorTitles":["RefreshToken entity"],"duration":1,"failureDetails":[],"failureMessages":[],"fullName":"RefreshToken entity creates a token with hashed rawToken","invocations":1,"location":null,"numPassingAsserts":4,"retryReasons":[],"status":"passed","title":"creates a token with hashed rawToken"},{"ancestorTitles":["RefreshToken entity"],"duration":1,"failureDetails":[],"failureMessages":[],"fullName":"RefreshToken entity detects expired tokens","invocations":1,"location":null,"numPassingAsserts":2,"retryReasons":[],"status":"passed","title":"detects expired tokens"},{"ancestorTitles":["RefreshToken entity"],"duration":0,"failureDetails":[],"failureMessages":[],"fullName":"RefreshToken entity detects revoked tokens","invocations":1,"location":null,"numPassingAsserts":2,"retryReasons":[],"status":"passed","title":"detects revoked tokens"},{"ancestorTitles":["RefreshToken entity"],"duration":0,"failureDetails":[],"failureMessages":[],"fullName":"RefreshToken entity hash is consistent","invocations":1,"location":null,"numPassingAsserts":2,"retryReasons":[],"status":"passed","title":"hash is consistent"},{"ancestorTitles":["RefreshToken entity"],"duration":1,"failureDetails":[],"failureMessages":[],"fullName":"RefreshToken entity revoke() returns new instance with revokedAt set","invocations":1,"location":null,"numPassingAsserts":2,"retryReasons":[],"status":"passed","title":"revoke() returns new instance with revokedAt set"}],"endTime":1783865992172,"message":"","name":"C:\\Users\\mrame\\Projects\\Booking System\\apps\\api\\src\\modules\\auth\\tests\\refresh-token.entity.spec.ts","startTime":1783865992039,"status":"passed","summary":""},{"assertionResults":[{"ancestorTitles":["ai-http.util Gemini SSE helpers"],"duration":1,"failureDetails":[],"failureMessages":[],"fullName":"ai-http.util Gemini SSE helpers extracts text from generateContent payload","invocations":1,"location":null,"numPassingAsserts":1,"retryReasons":[],"status":"passed","title":"extracts text from generateContent payload"},{"ancestorTitles":["ai-http.util Gemini SSE helpers"],"duration":0,"failureDetails":[],"failureMessages":[],"fullName":"ai-http.util Gemini SSE helpers ignores parts without text (thought signature chunks)","invocations":1,"location":null,"numPassingAsserts":1,"retryReasons":[],"status":"passed","title":"ignores parts without text (thought signature chunks)"},{"ancestorTitles":["ai-http.util Gemini SSE helpers"],"duration":0,"failureDetails":[],"failureMessages":[],"fullName":"ai-http.util Gemini SSE helpers parses newline-delimited SSE data lines","invocations":1,"location":null,"numPassingAsserts":1,"retryReasons":[],"status":"passed","title":"parses newline-delimited SSE data lines"},{"ancestorTitles":["ai-http.util Gemini SSE helpers"],"duration":0,"failureDetails":[],"failureMessages":[],"fullName":"ai-http.util Gemini SSE helpers returns empty string for non-data lines","invocations":1,"location":null,"numPassingAsserts":1,"retryReasons":[],"status":"passed","title":"returns empty string for non-data lines"}],"endTime":1783865992308,"message":"","name":"C:\\Users\\mrame\\Projects\\Booking System\\apps\\api\\src\\modules\\ai\\tests\\ai-http.util.spec.ts","startTime":1783865992175,"status":"passed","summary":""},{"assertionResults":[{"ancestorTitles":["ai-prompt-categories.config"],"duration":1,"failureDetails":[],"failureMessages":[],"fullName":"ai-prompt-categories.config covers core departments","invocations":1,"location":null,"numPassingAsserts":1,"retryReasons":[],"status":"passed","title":"covers core departments"},{"ancestorTitles":["ai-prompt-defaults.config"],"duration":0,"failureDetails":[],"failureMessages":[],"fullName":"ai-prompt-defaults.config seeds bilingual defaults across categories","invocations":1,"location":null,"numPassingAsserts":3,"retryReasons":[],"status":"passed","title":"seeds bilingual defaults across categories"}],"endTime":1783865992457,"message":"","name":"C:\\Users\\mrame\\Projects\\Booking System\\apps\\api\\src\\modules\\ai\\tests\\ai-prompt-categories.config.spec.ts","startTime":1783865992320,"status":"passed","summary":""},{"assertionResults":[{"ancestorTitles":["Notification inbox load test (100k+ DB integration)"],"duration":null,"failureDetails":[],"failureMessages":[],"fullName":"Notification inbox load test (100k+ DB integration) passes benchmark suite against live database","invocations":1,"location":null,"numPassingAsserts":0,"retryReasons":[],"status":"pending","title":"passes benchmark suite against live database"},{"ancestorTitles":["Notification load test results artifact"],"duration":1,"failureDetails":[],"failureMessages":[],"fullName":"Notification load test results artifact validates saved benchmark report when NOTIFICATION_LOAD_TEST_RESULTS=1","invocations":1,"location":null,"numPassingAsserts":0,"retryReasons":[],"status":"passed","title":"validates saved benchmark report when NOTIFICATION_LOAD_TEST_RESULTS=1"}],"endTime":1783865992590,"message":"","name":"C:\\Users\\mrame\\Projects\\Booking System\\apps\\api\\src\\modules\\notifications\\tests\\list-notifications-paginated.load.spec.ts","startTime":1783865992460,"status":"focused","summary":""},{"assertionResults":[{"ancestorTitles":["ai-prompt-seed.util"],"duration":1,"failureDetails":[],"failureMessages":[],"fullName":"ai-prompt-seed.util creates only missing tenant default prompts","invocations":1,"location":null,"numPassingAsserts":2,"retryReasons":[],"status":"passed","title":"creates only missing tenant default prompts"}],"endTime":1783865992725,"message":"","name":"C:\\Users\\mrame\\Projects\\Booking System\\apps\\api\\src\\modules\\ai\\tests\\ai-prompt-seed.util.spec.ts","startTime":1783865992593,"status":"passed","summary":""},{"assertionResults":[{"ancestorTitles":["ai-report-context.util"],"duration":1,"failureDetails":[],"failureMessages":[],"fullName":"ai-report-context.util humanizes catalog report slugs","invocations":1,"location":null,"numPassingAsserts":1,"retryReasons":[],"status":"passed","title":"humanizes catalog report slugs"}],"endTime":1783865992860,"message":"","name":"C:\\Users\\mrame\\Projects\\Booking System\\apps\\api\\src\\modules\\ai\\tests\\ai-report-context.util.spec.ts","startTime":1783865992728,"status":"passed","summary":""}],"wasInterrupted":false}
